<?xml version="1.0" encoding="UTF-8"?>
<coverage generated="1777998777674" clover="3.2.0">
  <project timestamp="1777998777675" name="All files">
    <metrics statements="494" coveredstatements="380" conditionals="197" coveredconditionals="101" methods="71" coveredmethods="49" elements="762" coveredelements="530" complexity="0" loc="494" ncloc="494" packages="10" files="32" classes="32"/>
    <package name="src">
      <metrics statements="27" coveredstatements="18" conditionals="8" coveredconditionals="0" methods="4" coveredmethods="0"/>
      <file name="app.js" path="C:\Users\lacue\Desktop\ServerProject\bildyapp-api\src\app.js">
        <metrics statements="27" coveredstatements="18" conditionals="8" coveredconditionals="0" methods="4" coveredmethods="0"/>
        <line num="18" count="4" type="stmt"/>
        <line num="19" count="4" type="stmt"/>
        <line num="22" count="4" type="stmt"/>
        <line num="27" count="4" type="stmt"/>
        <line num="29" count="0" type="cond" truecount="0" falsecount="2"/>
        <line num="32" count="0" type="cond" truecount="0" falsecount="2"/>
        <line num="34" count="0" type="stmt"/>
        <line num="35" count="0" type="cond" truecount="0" falsecount="2"/>
        <line num="36" count="0" type="stmt"/>
        <line num="37" count="0" type="stmt"/>
        <line num="41" count="4" type="stmt"/>
        <line num="42" count="0" type="cond" truecount="0" falsecount="2"/>
        <line num="43" count="0" type="stmt"/>
        <line num="45" count="0" type="stmt"/>
        <line num="48" count="4" type="stmt"/>
        <line num="51" count="4" type="stmt"/>
        <line num="52" count="4" type="stmt"/>
        <line num="53" count="4" type="stmt"/>
        <line num="54" count="4" type="stmt"/>
        <line num="55" count="4" type="stmt"/>
        <line num="56" count="4" type="stmt"/>
        <line num="59" count="4" type="stmt"/>
        <line num="62" count="4" type="stmt"/>
        <line num="63" count="4" type="stmt"/>
        <line num="64" count="4" type="stmt"/>
        <line num="65" count="4" type="stmt"/>
        <line num="68" count="4" type="stmt"/>
      </file>
    </package>
    <package name="src.config">
      <metrics statements="1" coveredstatements="1" conditionals="0" coveredconditionals="0" methods="0" coveredmethods="0"/>
      <file name="swagger.js" path="C:\Users\lacue\Desktop\ServerProject\bildyapp-api\src\config\swagger.js">
        <metrics statements="1" coveredstatements="1" conditionals="0" coveredconditionals="0" methods="0" coveredmethods="0"/>
        <line num="1" count="4" type="stmt"/>
      </file>
    </package>
    <package name="src.controllers">
      <metrics statements="248" coveredstatements="182" conditionals="99" coveredconditionals="53" methods="32" coveredmethods="25"/>
      <file name="client.controller.js" path="C:\Users\lacue\Desktop\ServerProject\bildyapp-api\src\controllers\client.controller.js">
        <metrics statements="52" coveredstatements="44" conditionals="23" coveredconditionals="14" methods="7" coveredmethods="7"/>
        <line num="4" count="4" type="stmt"/>
        <line num="5" count="25" type="stmt"/>
        <line num="6" count="25" type="stmt"/>
        <line num="11" count="25" type="cond" truecount="2" falsecount="0"/>
        <line num="13" count="24" type="stmt"/>
        <line num="20" count="24" type="stmt"/>
        <line num="22" count="24" type="stmt"/>
        <line num="24" count="1" type="stmt"/>
        <line num="28" count="4" type="stmt"/>
        <line num="29" count="1" type="stmt"/>
        <line num="30" count="1" type="cond" truecount="3" falsecount="0"/>
        <line num="31" count="1" type="stmt"/>
        <line num="32" count="1" type="cond" truecount="1" falsecount="1"/>
        <line num="34" count="1" type="stmt"/>
        <line num="39" count="1" type="stmt"/>
        <line num="41" count="1" type="stmt"/>
        <line num="48" count="0" type="stmt"/>
        <line num="52" count="4" type="stmt"/>
        <line num="53" count="2" type="stmt"/>
        <line num="54" count="2" type="stmt"/>
        <line num="55" count="2" type="cond" truecount="2" falsecount="0"/>
        <line num="56" count="1" type="stmt"/>
        <line num="58" count="1" type="stmt"/>
        <line num="62" count="4" type="stmt"/>
        <line num="63" count="1" type="stmt"/>
        <line num="64" count="1" type="cond" truecount="1" falsecount="1"/>
        <line num="65" count="0" type="stmt"/>
        <line num="70" count="0" type="cond" truecount="0" falsecount="2"/>
        <line num="73" count="1" type="stmt"/>
        <line num="79" count="1" type="cond" truecount="1" falsecount="1"/>
        <line num="80" count="1" type="stmt"/>
        <line num="82" count="0" type="stmt"/>
        <line num="86" count="4" type="stmt"/>
        <line num="87" count="3" type="stmt"/>
        <line num="88" count="3" type="stmt"/>
        <line num="90" count="3" type="cond" truecount="1" falsecount="1"/>
        <line num="91" count="3" type="stmt"/>
        <line num="97" count="0" type="stmt"/>
        <line num="99" count="3" type="cond" truecount="1" falsecount="1"/>
        <line num="100" count="3" type="cond" truecount="1" falsecount="1"/>
        <line num="102" count="0" type="stmt"/>
        <line num="106" count="4" type="stmt"/>
        <line num="107" count="1" type="stmt"/>
        <line num="108" count="1" type="stmt"/>
        <line num="109" count="1" type="stmt"/>
        <line num="111" count="0" type="stmt"/>
        <line num="115" count="4" type="stmt"/>
        <line num="116" count="1" type="stmt"/>
        <line num="117" count="1" type="stmt"/>
        <line num="122" count="1" type="cond" truecount="1" falsecount="1"/>
        <line num="123" count="1" type="stmt"/>
        <line num="125" count="0" type="stmt"/>
      </file>
      <file name="deliverynote.controller.js" path="C:\Users\lacue\Desktop\ServerProject\bildyapp-api\src\controllers\deliverynote.controller.js">
        <metrics statements="62" coveredstatements="47" conditionals="37" coveredconditionals="18" methods="6" coveredmethods="5"/>
        <line num="6" count="4" type="stmt"/>
        <line num="7" count="8" type="stmt"/>
        <line num="8" count="8" type="stmt"/>
        <line num="14" count="8" type="stmt"/>
        <line num="16" count="8" type="stmt"/>
        <line num="18" count="0" type="stmt"/>
        <line num="22" count="4" type="stmt"/>
        <line num="23" count="1" type="stmt"/>
        <line num="24" count="1" type="cond" truecount="3" falsecount="0"/>
        <line num="25" count="1" type="stmt"/>
        <line num="27" count="1" type="cond" truecount="1" falsecount="1"/>
        <line num="28" count="1" type="cond" truecount="1" falsecount="1"/>
        <line num="29" count="1" type="cond" truecount="1" falsecount="1"/>
        <line num="30" count="1" type="cond" truecount="1" falsecount="1"/>
        <line num="31" count="1" type="cond" truecount="3" falsecount="1"/>
        <line num="32" count="0" type="stmt"/>
        <line num="33" count="0" type="cond" truecount="0" falsecount="2"/>
        <line num="34" count="0" type="cond" truecount="0" falsecount="2"/>
        <line num="37" count="1" type="stmt"/>
        <line num="44" count="1" type="stmt"/>
        <line num="46" count="1" type="stmt"/>
        <line num="53" count="0" type="stmt"/>
        <line num="57" count="4" type="stmt"/>
        <line num="58" count="1" type="stmt"/>
        <line num="59" count="1" type="stmt"/>
        <line num="64" count="1" type="cond" truecount="1" falsecount="1"/>
        <line num="65" count="1" type="stmt"/>
        <line num="67" count="0" type="stmt"/>
        <line num="71" count="4" type="stmt"/>
        <line num="72" count="2" type="stmt"/>
        <line num="73" count="2" type="stmt"/>
        <line num="74" count="2" type="cond" truecount="1" falsecount="1"/>
        <line num="75" count="2" type="cond" truecount="2" falsecount="0"/>
        <line num="77" count="1" type="stmt"/>
        <line num="78" count="1" type="stmt"/>
        <line num="80" count="1" type="stmt"/>
        <line num="84" count="4" type="stmt"/>
        <line num="85" count="4" type="stmt"/>
        <line num="86" count="4" type="stmt"/>
        <line num="87" count="4" type="cond" truecount="1" falsecount="1"/>
        <line num="89" count="4" type="stmt"/>
        <line num="92" count="4" type="cond" truecount="1" falsecount="1"/>
        <line num="93" count="4" type="cond" truecount="2" falsecount="0"/>
        <line num="95" count="3" type="stmt"/>
        <line num="96" count="3" type="stmt"/>
        <line num="97" count="3" type="stmt"/>
        <line num="99" count="3" type="stmt"/>
        <line num="100" count="3" type="stmt"/>
        <line num="102" count="3" type="stmt"/>
        <line num="104" count="3" type="stmt"/>
        <line num="106" count="3" type="stmt"/>
        <line num="108" count="1" type="stmt"/>
        <line num="112" count="4" type="stmt"/>
        <line num="113" count="0" type="stmt"/>
        <line num="114" count="0" type="stmt"/>
        <line num="115" count="0" type="cond" truecount="0" falsecount="4"/>
        <line num="117" count="0" type="cond" truecount="0" falsecount="2"/>
        <line num="118" count="0" type="stmt"/>
        <line num="121" count="0" type="stmt"/>
        <line num="122" count="0" type="stmt"/>
        <line num="123" count="0" type="stmt"/>
        <line num="125" count="0" type="stmt"/>
      </file>
      <file name="project.controller.js" path="C:\Users\lacue\Desktop\ServerProject\bildyapp-api\src\controllers\project.controller.js">
        <metrics statements="54" coveredstatements="45" conditionals="27" coveredconditionals="15" methods="7" coveredmethods="7"/>
        <line num="4" count="4" type="stmt"/>
        <line num="5" count="17" type="stmt"/>
        <line num="6" count="17" type="stmt"/>
        <line num="11" count="17" type="cond" truecount="2" falsecount="0"/>
        <line num="13" count="16" type="stmt"/>
        <line num="20" count="16" type="stmt"/>
        <line num="22" count="16" type="stmt"/>
        <line num="24" count="1" type="stmt"/>
        <line num="28" count="4" type="stmt"/>
        <line num="29" count="1" type="stmt"/>
        <line num="30" count="1" type="cond" truecount="3" falsecount="0"/>
        <line num="31" count="1" type="stmt"/>
        <line num="32" count="1" type="cond" truecount="1" falsecount="1"/>
        <line num="33" count="1" type="cond" truecount="1" falsecount="1"/>
        <line num="34" count="1" type="cond" truecount="1" falsecount="1"/>
        <line num="36" count="1" type="stmt"/>
        <line num="42" count="1" type="stmt"/>
        <line num="44" count="1" type="stmt"/>
        <line num="51" count="0" type="stmt"/>
        <line num="55" count="4" type="stmt"/>
        <line num="56" count="1" type="stmt"/>
        <line num="57" count="1" type="stmt"/>
        <line num="59" count="1" type="cond" truecount="1" falsecount="1"/>
        <line num="60" count="1" type="stmt"/>
        <line num="62" count="0" type="stmt"/>
        <line num="66" count="4" type="stmt"/>
        <line num="67" count="1" type="stmt"/>
        <line num="68" count="1" type="cond" truecount="1" falsecount="1"/>
        <line num="69" count="0" type="stmt"/>
        <line num="74" count="0" type="cond" truecount="0" falsecount="2"/>
        <line num="77" count="1" type="stmt"/>
        <line num="83" count="1" type="cond" truecount="1" falsecount="1"/>
        <line num="84" count="1" type="stmt"/>
        <line num="86" count="0" type="stmt"/>
        <line num="90" count="4" type="stmt"/>
        <line num="91" count="3" type="stmt"/>
        <line num="92" count="3" type="stmt"/>
        <line num="94" count="3" type="cond" truecount="1" falsecount="1"/>
        <line num="95" count="3" type="stmt"/>
        <line num="101" count="0" type="stmt"/>
        <line num="103" count="3" type="cond" truecount="1" falsecount="1"/>
        <line num="104" count="3" type="cond" truecount="1" falsecount="1"/>
        <line num="106" count="0" type="stmt"/>
        <line num="110" count="4" type="stmt"/>
        <line num="111" count="1" type="stmt"/>
        <line num="112" count="1" type="stmt"/>
        <line num="114" count="1" type="stmt"/>
        <line num="116" count="0" type="stmt"/>
        <line num="120" count="4" type="stmt"/>
        <line num="121" count="1" type="stmt"/>
        <line num="122" count="1" type="stmt"/>
        <line num="127" count="1" type="cond" truecount="1" falsecount="1"/>
        <line num="128" count="1" type="stmt"/>
        <line num="130" count="0" type="stmt"/>
      </file>
      <file name="user.controller.js" path="C:\Users\lacue\Desktop\ServerProject\bildyapp-api\src\controllers\user.controller.js">
        <metrics statements="80" coveredstatements="46" conditionals="12" coveredconditionals="6" methods="12" coveredmethods="6"/>
        <line num="9" count="4" type="stmt"/>
        <line num="10" count="32" type="stmt"/>
        <line num="11" count="32" type="stmt"/>
        <line num="12" count="32" type="stmt"/>
        <line num="13" count="32" type="cond" truecount="2" falsecount="0"/>
        <line num="16" count="31" type="stmt"/>
        <line num="18" count="31" type="stmt"/>
        <line num="26" count="31" type="stmt"/>
        <line num="27" count="31" type="stmt"/>
        <line num="28" count="31" type="stmt"/>
        <line num="31" count="0" type="stmt"/>
        <line num="32" count="0" type="stmt"/>
        <line num="35" count="31" type="stmt"/>
        <line num="39" count="0" type="stmt"/>
        <line num="43" count="4" type="stmt"/>
        <line num="44" count="1" type="stmt"/>
        <line num="45" count="1" type="stmt"/>
        <line num="46" count="1" type="stmt"/>
        <line num="47" count="1" type="cond" truecount="1" falsecount="1"/>
        <line num="49" count="1" type="stmt"/>
        <line num="50" count="1" type="stmt"/>
        <line num="51" count="1" type="stmt"/>
        <line num="52" count="1" type="stmt"/>
        <line num="53" count="0" type="stmt"/>
        <line num="57" count="4" type="stmt"/>
        <line num="58" count="54" type="stmt"/>
        <line num="59" count="54" type="stmt"/>
        <line num="60" count="54" type="stmt"/>
        <line num="61" count="54" type="cond" truecount="3" falsecount="1"/>
        <line num="62" count="0" type="stmt"/>
        <line num="64" count="54" type="stmt"/>
        <line num="65" count="54" type="stmt"/>
        <line num="66" count="0" type="stmt"/>
        <line num="70" count="4" type="stmt"/>
        <line num="71" count="1" type="stmt"/>
        <line num="72" count="1" type="stmt"/>
        <line num="73" count="1" type="stmt"/>
        <line num="74" count="0" type="stmt"/>
        <line num="78" count="4" type="stmt"/>
        <line num="79" count="26" type="stmt"/>
        <line num="80" count="26" type="stmt"/>
        <line num="85" count="26" type="stmt"/>
        <line num="86" count="26" type="stmt"/>
        <line num="87" count="0" type="stmt"/>
        <line num="91" count="4" type="stmt"/>
        <line num="92" count="0" type="stmt"/>
        <line num="93" count="0" type="cond" truecount="0" falsecount="2"/>
        <line num="94" count="0" type="stmt"/>
        <line num="99" count="0" type="stmt"/>
        <line num="100" count="0" type="stmt"/>
        <line num="104" count="4" type="stmt"/>
        <line num="105" count="0" type="stmt"/>
        <line num="106" count="0" type="stmt"/>
        <line num="107" count="0" type="stmt"/>
        <line num="108" count="0" type="stmt"/>
        <line num="112" count="4" type="stmt"/>
        <line num="113" count="0" type="stmt"/>
        <line num="114" count="0" type="stmt"/>
        <line num="118" count="4" type="stmt"/>
        <line num="119" count="0" type="stmt"/>
        <line num="123" count="4" type="stmt"/>
        <line num="124" count="1" type="stmt"/>
        <line num="125" count="1" type="stmt"/>
        <line num="126" count="1" type="stmt"/>
        <line num="127" count="0" type="stmt"/>
        <line num="131" count="4" type="stmt"/>
        <line num="132" count="0" type="stmt"/>
        <line num="133" count="0" type="stmt"/>
        <line num="134" count="0" type="stmt"/>
        <line num="135" count="0" type="cond" truecount="0" falsecount="2"/>
        <line num="136" count="0" type="stmt"/>
        <line num="137" count="0" type="stmt"/>
        <line num="138" count="0" type="stmt"/>
        <line num="139" count="0" type="stmt"/>
        <line num="143" count="4" type="stmt"/>
        <line num="144" count="0" type="stmt"/>
        <line num="145" count="0" type="stmt"/>
        <line num="146" count="0" type="stmt"/>
        <line num="153" count="0" type="stmt"/>
        <line num="154" count="0" type="stmt"/>
      </file>
    </package>
    <package name="src.middleware">
      <metrics statements="51" coveredstatements="31" conditionals="34" coveredconditionals="18" methods="10" coveredmethods="5"/>
      <file name="auth.middleware.js" path="C:\Users\lacue\Desktop\ServerProject\bildyapp-api\src\middleware\auth.middleware.js">
        <metrics statements="11" coveredstatements="10" conditionals="10" coveredconditionals="9" methods="1" coveredmethods="1"/>
        <line num="5" count="4" type="stmt"/>
        <line num="6" count="106" type="stmt"/>
        <line num="8" count="106" type="cond" truecount="4" falsecount="0"/>
        <line num="9" count="103" type="stmt"/>
        <line num="12" count="106" type="cond" truecount="2" falsecount="0"/>
        <line num="14" count="103" type="stmt"/>
        <line num="15" count="103" type="stmt"/>
        <line num="17" count="103" type="cond" truecount="3" falsecount="1"/>
        <line num="19" count="103" type="stmt"/>
        <line num="20" count="103" type="stmt"/>
        <line num="22" count="0" type="stmt"/>
      </file>
      <file name="error-handler.js" path="C:\Users\lacue\Desktop\ServerProject\bildyapp-api\src\middleware\error-handler.js">
        <metrics statements="8" coveredstatements="6" conditionals="10" coveredconditionals="5" methods="1" coveredmethods="1"/>
        <line num="3" count="4" type="stmt"/>
        <line num="4" count="9" type="cond" truecount="1" falsecount="1"/>
        <line num="5" count="9" type="cond" truecount="1" falsecount="1"/>
        <line num="8" count="9" type="cond" truecount="1" falsecount="1"/>
        <line num="9" count="0" type="stmt"/>
        <line num="13" count="9" type="cond" truecount="1" falsecount="1"/>
        <line num="14" count="0" type="stmt"/>
        <line num="17" count="9" type="stmt"/>
      </file>
      <file name="rate-limit.js" path="C:\Users\lacue\Desktop\ServerProject\bildyapp-api\src\middleware\rate-limit.js">
        <metrics statements="0" coveredstatements="0" conditionals="0" coveredconditionals="0" methods="0" coveredmethods="0"/>
      </file>
      <file name="role.middleware.js" path="C:\Users\lacue\Desktop\ServerProject\bildyapp-api\src\middleware\role.middleware.js">
        <metrics statements="5" coveredstatements="2" conditionals="2" coveredconditionals="0" methods="2" coveredmethods="1"/>
        <line num="3" count="4" type="stmt"/>
        <line num="4" count="4" type="stmt"/>
        <line num="5" count="0" type="cond" truecount="0" falsecount="2"/>
        <line num="6" count="0" type="stmt"/>
        <line num="8" count="0" type="stmt"/>
      </file>
      <file name="sanitize.js" path="C:\Users\lacue\Desktop\ServerProject\bildyapp-api\src\middleware\sanitize.js">
        <metrics statements="1" coveredstatements="1" conditionals="0" coveredconditionals="0" methods="0" coveredmethods="0"/>
        <line num="3" count="4" type="stmt"/>
      </file>
      <file name="upload.js" path="C:\Users\lacue\Desktop\ServerProject\bildyapp-api\src\middleware\upload.js">
        <metrics statements="14" coveredstatements="5" conditionals="4" coveredconditionals="1" methods="3" coveredmethods="0"/>
        <line num="6" count="4" type="stmt"/>
        <line num="8" count="4" type="cond" truecount="1" falsecount="1"/>
        <line num="9" count="0" type="stmt"/>
        <line num="12" count="4" type="stmt"/>
        <line num="14" count="0" type="stmt"/>
        <line num="17" count="0" type="stmt"/>
        <line num="18" count="0" type="stmt"/>
        <line num="19" count="0" type="stmt"/>
        <line num="23" count="4" type="stmt"/>
        <line num="24" count="0" type="stmt"/>
        <line num="26" count="0" type="cond" truecount="0" falsecount="2"/>
        <line num="27" count="0" type="stmt"/>
        <line num="30" count="0" type="stmt"/>
        <line num="33" count="4" type="stmt"/>
      </file>
      <file name="validate.js" path="C:\Users\lacue\Desktop\ServerProject\bildyapp-api\src\middleware\validate.js">
        <metrics statements="12" coveredstatements="7" conditionals="8" coveredconditionals="3" methods="3" coveredmethods="2"/>
        <line num="5" count="48" type="stmt"/>
        <line num="6" count="165" type="stmt"/>
        <line num="7" count="165" type="stmt"/>
        <line num="13" count="165" type="cond" truecount="1" falsecount="1"/>
        <line num="14" count="165" type="cond" truecount="1" falsecount="1"/>
        <line num="15" count="165" type="cond" truecount="1" falsecount="1"/>
        <line num="17" count="165" type="stmt"/>
        <line num="19" count="0" type="cond" truecount="0" falsecount="2"/>
        <line num="20" count="0" type="stmt"/>
        <line num="21" count="0" type="stmt"/>
        <line num="24" count="0" type="stmt"/>
        <line num="26" count="0" type="stmt"/>
      </file>
    </package>
    <package name="src.models">
      <metrics statements="19" coveredstatements="19" conditionals="6" coveredconditionals="6" methods="2" coveredmethods="2"/>
      <file name="Client.js" path="C:\Users\lacue\Desktop\ServerProject\bildyapp-api\src\models\Client.js">
        <metrics statements="3" coveredstatements="3" conditionals="0" coveredconditionals="0" methods="0" coveredmethods="0"/>
        <line num="3" count="4" type="stmt"/>
        <line num="53" count="4" type="stmt"/>
        <line num="55" count="4" type="stmt"/>
      </file>
      <file name="Company.js" path="C:\Users\lacue\Desktop\ServerProject\bildyapp-api\src\models\Company.js">
        <metrics statements="2" coveredstatements="2" conditionals="0" coveredconditionals="0" methods="0" coveredmethods="0"/>
        <line num="3" count="4" type="stmt"/>
        <line num="31" count="4" type="stmt"/>
      </file>
      <file name="DeliveryNote.js" path="C:\Users\lacue\Desktop\ServerProject\bildyapp-api\src\models\DeliveryNote.js">
        <metrics statements="2" coveredstatements="2" conditionals="0" coveredconditionals="0" methods="0" coveredmethods="0"/>
        <line num="3" count="4" type="stmt"/>
        <line num="35" count="4" type="stmt"/>
      </file>
      <file name="Project.js" path="C:\Users\lacue\Desktop\ServerProject\bildyapp-api\src\models\Project.js">
        <metrics statements="3" coveredstatements="3" conditionals="0" coveredconditionals="0" methods="0" coveredmethods="0"/>
        <line num="3" count="4" type="stmt"/>
        <line num="61" count="4" type="stmt"/>
        <line num="63" count="4" type="stmt"/>
      </file>
      <file name="User.js" path="C:\Users\lacue\Desktop\ServerProject\bildyapp-api\src\models\User.js">
        <metrics statements="9" coveredstatements="9" conditionals="6" coveredconditionals="6" methods="2" coveredmethods="2"/>
        <line num="4" count="4" type="stmt"/>
        <line num="12" count="4" type="stmt"/>
        <line num="57" count="4" type="stmt"/>
        <line num="58" count="2" type="cond" truecount="4" falsecount="0"/>
        <line num="61" count="4" type="stmt"/>
        <line num="62" count="32" type="cond" truecount="2" falsecount="0"/>
        <line num="63" count="31" type="stmt"/>
        <line num="64" count="31" type="stmt"/>
        <line num="68" count="4" type="stmt"/>
      </file>
    </package>
    <package name="src.routes">
      <metrics statements="31" coveredstatements="31" conditionals="0" coveredconditionals="0" methods="0" coveredmethods="0"/>
      <file name="client.routes.js" path="C:\Users\lacue\Desktop\ServerProject\bildyapp-api\src\routes\client.routes.js">
        <metrics statements="6" coveredstatements="6" conditionals="0" coveredconditionals="0" methods="0" coveredmethods="0"/>
        <line num="7" count="4" type="stmt"/>
        <line num="9" count="4" type="stmt"/>
        <line num="11" count="4" type="stmt"/>
        <line num="12" count="4" type="stmt"/>
        <line num="14" count="4" type="stmt"/>
        <line num="18" count="4" type="stmt"/>
      </file>
      <file name="deliverynote.routes.js" path="C:\Users\lacue\Desktop\ServerProject\bildyapp-api\src\routes\deliverynote.routes.js">
        <metrics statements="6" coveredstatements="6" conditionals="0" coveredconditionals="0" methods="0" coveredmethods="0"/>
        <line num="7" count="4" type="stmt"/>
        <line num="10" count="4" type="stmt"/>
        <line num="14" count="4" type="stmt"/>
        <line num="16" count="4" type="stmt"/>
        <line num="21" count="4" type="stmt"/>
        <line num="28" count="4" type="stmt"/>
      </file>
      <file name="project.routes.js" path="C:\Users\lacue\Desktop\ServerProject\bildyapp-api\src\routes\project.routes.js">
        <metrics statements="6" coveredstatements="6" conditionals="0" coveredconditionals="0" methods="0" coveredmethods="0"/>
        <line num="7" count="4" type="stmt"/>
        <line num="9" count="4" type="stmt"/>
        <line num="11" count="4" type="stmt"/>
        <line num="12" count="4" type="stmt"/>
        <line num="14" count="4" type="stmt"/>
        <line num="18" count="4" type="stmt"/>
      </file>
      <file name="user.routes.js" path="C:\Users\lacue\Desktop\ServerProject\bildyapp-api\src\routes\user.routes.js">
        <metrics statements="13" coveredstatements="13" conditionals="0" coveredconditionals="0" methods="0" coveredmethods="0"/>
        <line num="31" count="4" type="stmt"/>
        <line num="34" count="4" type="stmt"/>
        <line num="37" count="4" type="stmt"/>
        <line num="40" count="4" type="stmt"/>
        <line num="43" count="4" type="stmt"/>
        <line num="51" count="4" type="stmt"/>
        <line num="59" count="4" type="stmt"/>
        <line num="67" count="4" type="stmt"/>
        <line num="70" count="4" type="stmt"/>
        <line num="73" count="4" type="stmt"/>
        <line num="76" count="4" type="stmt"/>
        <line num="79" count="4" type="stmt"/>
        <line num="87" count="4" type="stmt"/>
      </file>
    </package>
    <package name="src.services">
      <metrics statements="54" coveredstatements="39" conditionals="18" coveredconditionals="8" methods="7" coveredmethods="4"/>
      <file name="mail.service.js" path="C:\Users\lacue\Desktop\ServerProject\bildyapp-api\src\services\mail.service.js">
        <metrics statements="7" coveredstatements="5" conditionals="2" coveredconditionals="1" methods="1" coveredmethods="1"/>
        <line num="3" count="4" type="stmt"/>
        <line num="13" count="4" type="stmt"/>
        <line num="15" count="31" type="cond" truecount="1" falsecount="1"/>
        <line num="16" count="31" type="stmt"/>
        <line num="17" count="31" type="stmt"/>
        <line num="21" count="0" type="stmt"/>
        <line num="28" count="0" type="stmt"/>
      </file>
      <file name="pdf.service.js" path="C:\Users\lacue\Desktop\ServerProject\bildyapp-api\src\services\pdf.service.js">
        <metrics statements="38" coveredstatements="33" conditionals="14" coveredconditionals="7" methods="5" coveredmethods="3"/>
        <line num="5" count="4" type="stmt"/>
        <line num="6" count="3" type="stmt"/>
        <line num="7" count="3" type="stmt"/>
        <line num="8" count="3" type="stmt"/>
        <line num="9" count="3" type="stmt"/>
        <line num="12" count="3" type="cond" truecount="1" falsecount="1"/>
        <line num="13" count="0" type="stmt"/>
        <line num="16" count="3" type="stmt"/>
        <line num="17" count="3" type="stmt"/>
        <line num="20" count="3" type="stmt"/>
        <line num="21" count="3" type="stmt"/>
        <line num="22" count="3" type="stmt"/>
        <line num="23" count="3" type="stmt"/>
        <line num="24" count="3" type="stmt"/>
        <line num="27" count="3" type="stmt"/>
        <line num="28" count="3" type="stmt"/>
        <line num="29" count="3" type="stmt"/>
        <line num="30" count="3" type="stmt"/>
        <line num="33" count="3" type="stmt"/>
        <line num="34" count="3" type="stmt"/>
        <line num="35" count="3" type="stmt"/>
        <line num="37" count="3" type="cond" truecount="1" falsecount="1"/>
        <line num="38" count="0" type="stmt"/>
        <line num="39" count="0" type="cond" truecount="0" falsecount="2"/>
        <line num="41" count="3" type="cond" truecount="1" falsecount="1"/>
        <line num="42" count="3" type="cond" truecount="3" falsecount="1"/>
        <line num="43" count="0" type="stmt"/>
        <line num="44" count="0" type="stmt"/>
        <line num="49" count="3" type="cond" truecount="1" falsecount="1"/>
        <line num="50" count="3" type="stmt"/>
        <line num="51" count="3" type="stmt"/>
        <line num="53" count="3" type="stmt"/>
        <line num="54" count="3" type="stmt"/>
        <line num="55" count="3" type="stmt"/>
        <line num="56" count="3" type="stmt"/>
        <line num="59" count="3" type="stmt"/>
        <line num="61" count="3" type="stmt"/>
        <line num="62" count="3" type="stmt"/>
      </file>
      <file name="slack.service.js" path="C:\Users\lacue\Desktop\ServerProject\bildyapp-api\src\services\slack.service.js">
        <metrics statements="9" coveredstatements="1" conditionals="2" coveredconditionals="0" methods="1" coveredmethods="0"/>
        <line num="3" count="4" type="stmt"/>
        <line num="4" count="0" type="stmt"/>
        <line num="6" count="0" type="cond" truecount="0" falsecount="2"/>
        <line num="7" count="0" type="stmt"/>
        <line num="8" count="0" type="stmt"/>
        <line num="11" count="0" type="stmt"/>
        <line num="51" count="0" type="stmt"/>
        <line num="52" count="0" type="stmt"/>
        <line num="54" count="0" type="stmt"/>
      </file>
    </package>
    <package name="src.utils">
      <metrics statements="11" coveredstatements="9" conditionals="14" coveredconditionals="5" methods="7" coveredmethods="5"/>
      <file name="AppError.js" path="C:\Users\lacue\Desktop\ServerProject\bildyapp-api\src\utils\AppError.js">
        <metrics statements="11" coveredstatements="9" conditionals="14" coveredconditionals="5" methods="7" coveredmethods="5"/>
        <line num="3" count="9" type="stmt"/>
        <line num="4" count="9" type="stmt"/>
        <line num="5" count="9" type="cond" truecount="1" falsecount="1"/>
        <line num="6" count="9" type="stmt"/>
        <line num="8" count="9" type="stmt"/>
        <line num="12" count="2" type="cond" truecount="1" falsecount="1"/>
        <line num="16" count="3" type="cond" truecount="1" falsecount="1"/>
        <line num="20" count="0" type="cond" truecount="0" falsecount="2"/>
        <line num="24" count="1" type="cond" truecount="1" falsecount="1"/>
        <line num="28" count="3" type="cond" truecount="1" falsecount="1"/>
        <line num="32" count="0" type="cond" truecount="0" falsecount="2"/>
      </file>
    </package>
    <package name="src.validators">
      <metrics statements="28" coveredstatements="26" conditionals="9" coveredconditionals="6" methods="4" coveredmethods="3"/>
      <file name="client.validator.js" path="C:\Users\lacue\Desktop\ServerProject\bildyapp-api\src\validators\client.validator.js">
        <metrics statements="3" coveredstatements="3" conditionals="0" coveredconditionals="0" methods="0" coveredmethods="0"/>
        <line num="3" count="4" type="stmt"/>
        <line num="17" count="4" type="stmt"/>
        <line num="22" count="4" type="stmt"/>
      </file>
      <file name="deliverynote.validator.js" path="C:\Users\lacue\Desktop\ServerProject\bildyapp-api\src\validators\deliverynote.validator.js">
        <metrics statements="7" coveredstatements="6" conditionals="9" coveredconditionals="6" methods="1" coveredmethods="1"/>
        <line num="3" count="4" type="stmt"/>
        <line num="18" count="8" type="cond" truecount="2" falsecount="0"/>
        <line num="19" count="1" type="cond" truecount="2" falsecount="0"/>
        <line num="21" count="7" type="cond" truecount="1" falsecount="1"/>
        <line num="22" count="7" type="cond" truecount="1" falsecount="2"/>
        <line num="24" count="0" type="stmt"/>
        <line num="30" count="4" type="stmt"/>
      </file>
      <file name="project.validator.js" path="C:\Users\lacue\Desktop\ServerProject\bildyapp-api\src\validators\project.validator.js">
        <metrics statements="3" coveredstatements="3" conditionals="0" coveredconditionals="0" methods="0" coveredmethods="0"/>
        <line num="3" count="4" type="stmt"/>
        <line num="19" count="4" type="stmt"/>
        <line num="23" count="4" type="stmt"/>
      </file>
      <file name="user.validator.js" path="C:\Users\lacue\Desktop\ServerProject\bildyapp-api\src\validators\user.validator.js">
        <metrics statements="15" coveredstatements="14" conditionals="0" coveredconditionals="0" methods="3" coveredmethods="2"/>
        <line num="3" count="4" type="stmt"/>
        <line num="4" count="4" type="stmt"/>
        <line num="5" count="4" type="stmt"/>
        <line num="7" count="52" type="stmt"/>
        <line num="9" count="4" type="stmt"/>
        <line num="17" count="4" type="stmt"/>
        <line num="24" count="4" type="stmt"/>
        <line num="30" count="4" type="stmt"/>
        <line num="37" count="4" type="stmt"/>
        <line num="46" count="4" type="stmt"/>
        <line num="57" count="25" type="stmt"/>
        <line num="63" count="4" type="stmt"/>
        <line num="69" count="4" type="stmt"/>
        <line num="73" count="0" type="stmt"/>
        <line num="79" count="4" type="stmt"/>
      </file>
    </package>
    <package name="tests">
      <metrics statements="24" coveredstatements="24" conditionals="9" coveredconditionals="5" methods="5" coveredmethods="5"/>
      <file name="helpers.js" path="C:\Users\lacue\Desktop\ServerProject\bildyapp-api\tests\helpers.js">
        <metrics statements="9" coveredstatements="9" conditionals="1" coveredconditionals="1" methods="2" coveredmethods="2"/>
        <line num="7" count="4" type="cond" truecount="1" falsecount="0"/>
        <line num="9" count="28" type="stmt"/>
        <line num="14" count="28" type="stmt"/>
        <line num="18" count="28" type="stmt"/>
        <line num="24" count="4" type="stmt"/>
        <line num="25" count="25" type="stmt"/>
        <line num="27" count="25" type="stmt"/>
        <line num="43" count="25" type="stmt"/>
        <line num="47" count="25" type="stmt"/>
      </file>
      <file name="setup.js" path="C:\Users\lacue\Desktop\ServerProject\bildyapp-api\tests\setup.js">
        <metrics statements="15" coveredstatements="15" conditionals="8" coveredconditionals="4" methods="3" coveredmethods="3"/>
        <line num="6" count="4" type="stmt"/>
        <line num="7" count="4" type="stmt"/>
        <line num="8" count="4" type="stmt"/>
        <line num="9" count="4" type="cond" truecount="1" falsecount="1"/>
        <line num="10" count="4" type="stmt"/>
        <line num="14" count="4" type="stmt"/>
        <line num="15" count="4" type="cond" truecount="1" falsecount="1"/>
        <line num="16" count="4" type="stmt"/>
        <line num="18" count="4" type="cond" truecount="1" falsecount="1"/>
        <line num="19" count="4" type="stmt"/>
        <line num="23" count="4" type="stmt"/>
        <line num="24" count="34" type="cond" truecount="1" falsecount="1"/>
        <line num="25" count="34" type="stmt"/>
        <line num="26" count="34" type="stmt"/>
        <line num="27" count="170" type="stmt"/>
      </file>
    </package>
  </project>
</coverage>
