{"C:\\Users\\lacue\\Desktop\\ServerProject\\bildyapp-api\\src\\app.js": {"path":"C:\\Users\\lacue\\Desktop\\ServerProject\\bildyapp-api\\src\\app.js","statementMap":{"0":{"start":{"line":18,"column":12},"end":{"line":18,"column":21}},"1":{"start":{"line":19,"column":19},"end":{"line":19,"column":36}},"2":{"start":{"line":22,"column":11},"end":{"line":24,"column":2}},"3":{"start":{"line":27,"column":0},"end":{"line":39,"column":3}},"4":{"start":{"line":29,"column":4},"end":{"line":30,"column":57}},"5":{"start":{"line":32,"column":2},"end":{"line":32,"column":80}},"6":{"start":{"line":32,"column":14},"end":{"line":32,"column":80}},"7":{"start":{"line":34,"column":2},"end":{"line":38,"column":5}},"8":{"start":{"line":35,"column":4},"end":{"line":35,"column":75}},"9":{"start":{"line":35,"column":13},"end":{"line":35,"column":75}},"10":{"start":{"line":36,"column":4},"end":{"line":36,"column":26}},"11":{"start":{"line":37,"column":4},"end":{"line":37,"column":11}},"12":{"start":{"line":41,"column":0},"end":{"line":46,"column":3}},"13":{"start":{"line":42,"column":2},"end":{"line":44,"column":3}},"14":{"start":{"line":43,"column":4},"end":{"line":43,"column":48}},"15":{"start":{"line":45,"column":2},"end":{"line":45,"column":36}},"16":{"start":{"line":48,"column":0},"end":{"line":48,"column":18}},"17":{"start":{"line":51,"column":0},"end":{"line":51,"column":18}},"18":{"start":{"line":52,"column":0},"end":{"line":52,"column":16}},"19":{"start":{"line":53,"column":0},"end":{"line":53,"column":23}},"20":{"start":{"line":54,"column":0},"end":{"line":54,"column":24}},"21":{"start":{"line":55,"column":0},"end":{"line":55,"column":18}},"22":{"start":{"line":56,"column":0},"end":{"line":56,"column":21}},"23":{"start":{"line":59,"column":0},"end":{"line":59,"column":68}},"24":{"start":{"line":62,"column":0},"end":{"line":62,"column":33}},"25":{"start":{"line":63,"column":0},"end":{"line":63,"column":37}},"26":{"start":{"line":64,"column":0},"end":{"line":64,"column":39}},"27":{"start":{"line":65,"column":0},"end":{"line":65,"column":49}},"28":{"start":{"line":68,"column":0},"end":{"line":68,"column":22}}},"fnMap":{"0":{"name":"(anonymous_0)","decl":{"start":{"line":27,"column":7},"end":{"line":27,"column":8}},"loc":{"start":{"line":27,"column":25},"end":{"line":39,"column":1}},"line":27},"1":{"name":"(anonymous_1)","decl":{"start":{"line":34,"column":44},"end":{"line":34,"column":45}},"loc":{"start":{"line":34,"column":62},"end":{"line":38,"column":3}},"line":34},"2":{"name":"(anonymous_2)","decl":{"start":{"line":41,"column":20},"end":{"line":41,"column":21}},"loc":{"start":{"line":41,"column":32},"end":{"line":46,"column":1}},"line":41},"3":{"name":"(anonymous_3)","decl":{"start":{"line":45,"column":26},"end":{"line":45,"column":27}},"loc":{"start":{"line":45,"column":32},"end":{"line":45,"column":34}},"line":45}},"branchMap":{"0":{"loc":{"start":{"line":29,"column":4},"end":{"line":30,"column":57}},"type":"binary-expr","locations":[{"start":{"line":29,"column":4},"end":{"line":29,"column":32}},{"start":{"line":30,"column":4},"end":{"line":30,"column":57}}],"line":29},"1":{"loc":{"start":{"line":32,"column":2},"end":{"line":32,"column":80}},"type":"if","locations":[{"start":{"line":32,"column":2},"end":{"line":32,"column":80}},{"start":{},"end":{}}],"line":32},"2":{"loc":{"start":{"line":35,"column":4},"end":{"line":35,"column":75}},"type":"if","locations":[{"start":{"line":35,"column":4},"end":{"line":35,"column":75}},{"start":{},"end":{}}],"line":35},"3":{"loc":{"start":{"line":42,"column":2},"end":{"line":44,"column":3}},"type":"if","locations":[{"start":{"line":42,"column":2},"end":{"line":44,"column":3}},{"start":{},"end":{}}],"line":42}},"s":{"0":4,"1":4,"2":4,"3":4,"4":0,"5":0,"6":0,"7":0,"8":0,"9":0,"10":0,"11":0,"12":4,"13":0,"14":0,"15":0,"16":4,"17":4,"18":4,"19":4,"20":4,"21":4,"22":4,"23":4,"24":4,"25":4,"26":4,"27":4,"28":4},"f":{"0":0,"1":0,"2":0,"3":0},"b":{"0":[0,0],"1":[0,0],"2":[0,0],"3":[0,0]},"inputSourceMap":null,"_coverageSchema":"1a1c01bbd47fc00a2c39e90264f33305004495a9","hash":"3d2021baf668ce4aa0191eee148df3472aaad6a6"}
,"C:\\Users\\lacue\\Desktop\\ServerProject\\bildyapp-api\\src\\config\\swagger.js": {"path":"C:\\Users\\lacue\\Desktop\\ServerProject\\bildyapp-api\\src\\config\\swagger.js","statementMap":{"0":{"start":{"line":1,"column":20},"end":{"line":663,"column":1}}},"fnMap":{},"branchMap":{},"s":{"0":4},"f":{},"b":{},"inputSourceMap":null,"_coverageSchema":"1a1c01bbd47fc00a2c39e90264f33305004495a9","hash":"c80f11a0daec4506ee5a8bb5e37037b78579cfe5"}
,"C:\\Users\\lacue\\Desktop\\ServerProject\\bildyapp-api\\src\\controllers\\client.controller.js": {"path":"C:\\Users\\lacue\\Desktop\\ServerProject\\bildyapp-api\\src\\controllers\\client.controller.js","statementMap":{"0":{"start":{"line":4,"column":28},"end":{"line":26,"column":1}},"1":{"start":{"line":5,"column":2},"end":{"line":25,"column":3}},"2":{"start":{"line":6,"column":27},"end":{"line":9,"column":6}},"3":{"start":{"line":11,"column":4},"end":{"line":11,"column":105}},"4":{"start":{"line":11,"column":24},"end":{"line":11,"column":105}},"5":{"start":{"line":13,"column":19},"end":{"line":17,"column":6}},"6":{"start":{"line":20,"column":4},"end":{"line":20,"column":81}},"7":{"start":{"line":22,"column":4},"end":{"line":22,"column":33}},"8":{"start":{"line":24,"column":4},"end":{"line":24,"column":16}},"9":{"start":{"line":28,"column":26},"end":{"line":50,"column":1}},"10":{"start":{"line":29,"column":2},"end":{"line":49,"column":3}},"11":{"start":{"line":30,"column":63},"end":{"line":30,"column":72}},"12":{"start":{"line":31,"column":18},"end":{"line":31,"column":63}},"13":{"start":{"line":32,"column":4},"end":{"line":32,"column":59}},"14":{"start":{"line":32,"column":14},"end":{"line":32,"column":59}},"15":{"start":{"line":34,"column":20},"end":{"line":37,"column":31}},"16":{"start":{"line":39,"column":23},"end":{"line":39,"column":57}},"17":{"start":{"line":41,"column":4},"end":{"line":46,"column":7}},"18":{"start":{"line":48,"column":4},"end":{"line":48,"column":16}},"19":{"start":{"line":52,"column":29},"end":{"line":60,"column":1}},"20":{"start":{"line":53,"column":2},"end":{"line":59,"column":3}},"21":{"start":{"line":54,"column":19},"end":{"line":54,"column":90}},"22":{"start":{"line":55,"column":4},"end":{"line":55,"column":61}},"23":{"start":{"line":55,"column":17},"end":{"line":55,"column":61}},"24":{"start":{"line":56,"column":4},"end":{"line":56,"column":21}},"25":{"start":{"line":58,"column":4},"end":{"line":58,"column":16}},"26":{"start":{"line":62,"column":28},"end":{"line":84,"column":1}},"27":{"start":{"line":63,"column":2},"end":{"line":83,"column":3}},"28":{"start":{"line":64,"column":4},"end":{"line":71,"column":5}},"29":{"start":{"line":65,"column":23},"end":{"line":69,"column":8}},"30":{"start":{"line":70,"column":6},"end":{"line":70,"column":84}},"31":{"start":{"line":70,"column":20},"end":{"line":70,"column":84}},"32":{"start":{"line":73,"column":19},"end":{"line":77,"column":5}},"33":{"start":{"line":79,"column":4},"end":{"line":79,"column":61}},"34":{"start":{"line":79,"column":17},"end":{"line":79,"column":61}},"35":{"start":{"line":80,"column":4},"end":{"line":80,"column":21}},"36":{"start":{"line":82,"column":4},"end":{"line":82,"column":16}},"37":{"start":{"line":86,"column":28},"end":{"line":104,"column":1}},"38":{"start":{"line":87,"column":2},"end":{"line":103,"column":3}},"39":{"start":{"line":88,"column":25},"end":{"line":88,"column":51}},"40":{"start":{"line":90,"column":4},"end":{"line":98,"column":5}},"41":{"start":{"line":91,"column":6},"end":{"line":95,"column":8}},"42":{"start":{"line":97,"column":6},"end":{"line":97,"column":96}},"43":{"start":{"line":99,"column":4},"end":{"line":99,"column":61}},"44":{"start":{"line":99,"column":17},"end":{"line":99,"column":61}},"45":{"start":{"line":100,"column":4},"end":{"line":100,"column":91}},"46":{"start":{"line":102,"column":4},"end":{"line":102,"column":16}},"47":{"start":{"line":106,"column":34},"end":{"line":113,"column":1}},"48":{"start":{"line":107,"column":2},"end":{"line":112,"column":3}},"49":{"start":{"line":108,"column":20},"end":{"line":108,"column":83}},"50":{"start":{"line":109,"column":4},"end":{"line":109,"column":22}},"51":{"start":{"line":111,"column":4},"end":{"line":111,"column":16}},"52":{"start":{"line":115,"column":29},"end":{"line":127,"column":1}},"53":{"start":{"line":116,"column":2},"end":{"line":126,"column":3}},"54":{"start":{"line":117,"column":19},"end":{"line":121,"column":5}},"55":{"start":{"line":122,"column":4},"end":{"line":122,"column":70}},"56":{"start":{"line":122,"column":17},"end":{"line":122,"column":70}},"57":{"start":{"line":123,"column":4},"end":{"line":123,"column":21}},"58":{"start":{"line":125,"column":4},"end":{"line":125,"column":16}}},"fnMap":{"0":{"name":"(anonymous_0)","decl":{"start":{"line":4,"column":28},"end":{"line":4,"column":29}},"loc":{"start":{"line":4,"column":54},"end":{"line":26,"column":1}},"line":4},"1":{"name":"(anonymous_1)","decl":{"start":{"line":28,"column":26},"end":{"line":28,"column":27}},"loc":{"start":{"line":28,"column":52},"end":{"line":50,"column":1}},"line":28},"2":{"name":"(anonymous_2)","decl":{"start":{"line":52,"column":29},"end":{"line":52,"column":30}},"loc":{"start":{"line":52,"column":55},"end":{"line":60,"column":1}},"line":52},"3":{"name":"(anonymous_3)","decl":{"start":{"line":62,"column":28},"end":{"line":62,"column":29}},"loc":{"start":{"line":62,"column":54},"end":{"line":84,"column":1}},"line":62},"4":{"name":"(anonymous_4)","decl":{"start":{"line":86,"column":28},"end":{"line":86,"column":29}},"loc":{"start":{"line":86,"column":54},"end":{"line":104,"column":1}},"line":86},"5":{"name":"(anonymous_5)","decl":{"start":{"line":106,"column":34},"end":{"line":106,"column":35}},"loc":{"start":{"line":106,"column":60},"end":{"line":113,"column":1}},"line":106},"6":{"name":"(anonymous_6)","decl":{"start":{"line":115,"column":29},"end":{"line":115,"column":30}},"loc":{"start":{"line":115,"column":55},"end":{"line":127,"column":1}},"line":115}},"branchMap":{"0":{"loc":{"start":{"line":11,"column":4},"end":{"line":11,"column":105}},"type":"if","locations":[{"start":{"line":11,"column":4},"end":{"line":11,"column":105}},{"start":{},"end":{}}],"line":11},"1":{"loc":{"start":{"line":30,"column":12},"end":{"line":30,"column":20}},"type":"default-arg","locations":[{"start":{"line":30,"column":19},"end":{"line":30,"column":20}}],"line":30},"2":{"loc":{"start":{"line":30,"column":22},"end":{"line":30,"column":32}},"type":"default-arg","locations":[{"start":{"line":30,"column":30},"end":{"line":30,"column":32}}],"line":30},"3":{"loc":{"start":{"line":30,"column":40},"end":{"line":30,"column":58}},"type":"default-arg","locations":[{"start":{"line":30,"column":47},"end":{"line":30,"column":58}}],"line":30},"4":{"loc":{"start":{"line":32,"column":4},"end":{"line":32,"column":59}},"type":"if","locations":[{"start":{"line":32,"column":4},"end":{"line":32,"column":59}},{"start":{},"end":{}}],"line":32},"5":{"loc":{"start":{"line":55,"column":4},"end":{"line":55,"column":61}},"type":"if","locations":[{"start":{"line":55,"column":4},"end":{"line":55,"column":61}},{"start":{},"end":{}}],"line":55},"6":{"loc":{"start":{"line":64,"column":4},"end":{"line":71,"column":5}},"type":"if","locations":[{"start":{"line":64,"column":4},"end":{"line":71,"column":5}},{"start":{},"end":{}}],"line":64},"7":{"loc":{"start":{"line":70,"column":6},"end":{"line":70,"column":84}},"type":"if","locations":[{"start":{"line":70,"column":6},"end":{"line":70,"column":84}},{"start":{},"end":{}}],"line":70},"8":{"loc":{"start":{"line":79,"column":4},"end":{"line":79,"column":61}},"type":"if","locations":[{"start":{"line":79,"column":4},"end":{"line":79,"column":61}},{"start":{},"end":{}}],"line":79},"9":{"loc":{"start":{"line":90,"column":4},"end":{"line":98,"column":5}},"type":"if","locations":[{"start":{"line":90,"column":4},"end":{"line":98,"column":5}},{"start":{"line":96,"column":11},"end":{"line":98,"column":5}}],"line":90},"10":{"loc":{"start":{"line":99,"column":4},"end":{"line":99,"column":61}},"type":"if","locations":[{"start":{"line":99,"column":4},"end":{"line":99,"column":61}},{"start":{},"end":{}}],"line":99},"11":{"loc":{"start":{"line":100,"column":24},"end":{"line":100,"column":87}},"type":"cond-expr","locations":[{"start":{"line":100,"column":39},"end":{"line":100,"column":56}},{"start":{"line":100,"column":59},"end":{"line":100,"column":87}}],"line":100},"12":{"loc":{"start":{"line":122,"column":4},"end":{"line":122,"column":70}},"type":"if","locations":[{"start":{"line":122,"column":4},"end":{"line":122,"column":70}},{"start":{},"end":{}}],"line":122}},"s":{"0":4,"1":25,"2":25,"3":25,"4":1,"5":24,"6":24,"7":24,"8":1,"9":4,"10":1,"11":1,"12":1,"13":1,"14":0,"15":1,"16":1,"17":1,"18":0,"19":4,"20":2,"21":2,"22":2,"23":1,"24":1,"25":1,"26":4,"27":1,"28":1,"29":0,"30":0,"31":0,"32":1,"33":1,"34":0,"35":1,"36":0,"37":4,"38":3,"39":3,"40":3,"41":3,"42":0,"43":3,"44":0,"45":3,"46":0,"47":4,"48":1,"49":1,"50":1,"51":0,"52":4,"53":1,"54":1,"55":1,"56":0,"57":1,"58":0},"f":{"0":25,"1":1,"2":2,"3":1,"4":3,"5":1,"6":1},"b":{"0":[1,24],"1":[1],"2":[1],"3":[1],"4":[0,1],"5":[1,1],"6":[0,1],"7":[0,0],"8":[0,1],"9":[3,0],"10":[0,3],"11":[3,0],"12":[0,1]},"inputSourceMap":null,"_coverageSchema":"1a1c01bbd47fc00a2c39e90264f33305004495a9","hash":"7f87628f10861652dd9ed1f563828c384d0decbf"}
,"C:\\Users\\lacue\\Desktop\\ServerProject\\bildyapp-api\\src\\controllers\\deliverynote.controller.js": {"path":"C:\\Users\\lacue\\Desktop\\ServerProject\\bildyapp-api\\src\\controllers\\deliverynote.controller.js","statementMap":{"0":{"start":{"line":6,"column":34},"end":{"line":20,"column":1}},"1":{"start":{"line":7,"column":2},"end":{"line":19,"column":3}},"2":{"start":{"line":8,"column":17},"end":{"line":12,"column":6}},"3":{"start":{"line":14,"column":4},"end":{"line":14,"column":85}},"4":{"start":{"line":16,"column":4},"end":{"line":16,"column":31}},"5":{"start":{"line":18,"column":4},"end":{"line":18,"column":16}},"6":{"start":{"line":22,"column":32},"end":{"line":55,"column":1}},"7":{"start":{"line":23,"column":2},"end":{"line":54,"column":3}},"8":{"start":{"line":24,"column":100},"end":{"line":24,"column":109}},"9":{"start":{"line":25,"column":18},"end":{"line":25,"column":63}},"10":{"start":{"line":27,"column":4},"end":{"line":27,"column":41}},"11":{"start":{"line":27,"column":17},"end":{"line":27,"column":41}},"12":{"start":{"line":28,"column":4},"end":{"line":28,"column":38}},"13":{"start":{"line":28,"column":16},"end":{"line":28,"column":38}},"14":{"start":{"line":29,"column":4},"end":{"line":29,"column":38}},"15":{"start":{"line":29,"column":16},"end":{"line":29,"column":38}},"16":{"start":{"line":30,"column":4},"end":{"line":30,"column":63}},"17":{"start":{"line":30,"column":30},"end":{"line":30,"column":63}},"18":{"start":{"line":31,"column":4},"end":{"line":35,"column":5}},"19":{"start":{"line":32,"column":6},"end":{"line":32,"column":26}},"20":{"start":{"line":33,"column":6},"end":{"line":33,"column":53}},"21":{"start":{"line":33,"column":16},"end":{"line":33,"column":53}},"22":{"start":{"line":34,"column":6},"end":{"line":34,"column":49}},"23":{"start":{"line":34,"column":14},"end":{"line":34,"column":49}},"24":{"start":{"line":37,"column":18},"end":{"line":42,"column":31}},"25":{"start":{"line":44,"column":23},"end":{"line":44,"column":63}},"26":{"start":{"line":46,"column":4},"end":{"line":51,"column":7}},"27":{"start":{"line":53,"column":4},"end":{"line":53,"column":16}},"28":{"start":{"line":57,"column":35},"end":{"line":69,"column":1}},"29":{"start":{"line":58,"column":2},"end":{"line":68,"column":3}},"30":{"start":{"line":59,"column":17},"end":{"line":62,"column":26}},"31":{"start":{"line":64,"column":4},"end":{"line":64,"column":66}},"32":{"start":{"line":64,"column":15},"end":{"line":64,"column":66}},"33":{"start":{"line":65,"column":4},"end":{"line":65,"column":19}},"34":{"start":{"line":67,"column":4},"end":{"line":67,"column":16}},"35":{"start":{"line":71,"column":34},"end":{"line":82,"column":1}},"36":{"start":{"line":72,"column":2},"end":{"line":81,"column":3}},"37":{"start":{"line":73,"column":17},"end":{"line":73,"column":94}},"38":{"start":{"line":74,"column":4},"end":{"line":74,"column":66}},"39":{"start":{"line":74,"column":15},"end":{"line":74,"column":66}},"40":{"start":{"line":75,"column":4},"end":{"line":75,"column":87}},"41":{"start":{"line":75,"column":21},"end":{"line":75,"column":87}},"42":{"start":{"line":77,"column":4},"end":{"line":77,"column":27}},"43":{"start":{"line":78,"column":4},"end":{"line":78,"column":64}},"44":{"start":{"line":80,"column":4},"end":{"line":80,"column":16}},"45":{"start":{"line":84,"column":32},"end":{"line":110,"column":1}},"46":{"start":{"line":85,"column":2},"end":{"line":109,"column":3}},"47":{"start":{"line":86,"column":30},"end":{"line":86,"column":38}},"48":{"start":{"line":87,"column":4},"end":{"line":87,"column":80}},"49":{"start":{"line":87,"column":24},"end":{"line":87,"column":80}},"50":{"start":{"line":89,"column":17},"end":{"line":90,"column":33}},"51":{"start":{"line":92,"column":4},"end":{"line":92,"column":66}},"52":{"start":{"line":92,"column":15},"end":{"line":92,"column":66}},"53":{"start":{"line":93,"column":4},"end":{"line":93,"column":82}},"54":{"start":{"line":93,"column":21},"end":{"line":93,"column":82}},"55":{"start":{"line":95,"column":4},"end":{"line":95,"column":23}},"56":{"start":{"line":96,"column":4},"end":{"line":96,"column":31}},"57":{"start":{"line":97,"column":4},"end":{"line":97,"column":39}},"58":{"start":{"line":99,"column":20},"end":{"line":99,"column":55}},"59":{"start":{"line":100,"column":4},"end":{"line":100,"column":27}},"60":{"start":{"line":102,"column":4},"end":{"line":102,"column":22}},"61":{"start":{"line":104,"column":4},"end":{"line":104,"column":88}},"62":{"start":{"line":106,"column":4},"end":{"line":106,"column":19}},"63":{"start":{"line":108,"column":4},"end":{"line":108,"column":16}},"64":{"start":{"line":112,"column":22},"end":{"line":127,"column":1}},"65":{"start":{"line":113,"column":2},"end":{"line":126,"column":3}},"66":{"start":{"line":114,"column":17},"end":{"line":114,"column":94}},"67":{"start":{"line":115,"column":4},"end":{"line":115,"column":92}},"68":{"start":{"line":115,"column":32},"end":{"line":115,"column":92}},"69":{"start":{"line":117,"column":4},"end":{"line":119,"column":5}},"70":{"start":{"line":118,"column":6},"end":{"line":118,"column":60}},"71":{"start":{"line":121,"column":4},"end":{"line":121,"column":53}},"72":{"start":{"line":122,"column":23},"end":{"line":122,"column":56}},"73":{"start":{"line":123,"column":4},"end":{"line":123,"column":25}},"74":{"start":{"line":125,"column":4},"end":{"line":125,"column":16}}},"fnMap":{"0":{"name":"(anonymous_0)","decl":{"start":{"line":6,"column":34},"end":{"line":6,"column":35}},"loc":{"start":{"line":6,"column":60},"end":{"line":20,"column":1}},"line":6},"1":{"name":"(anonymous_1)","decl":{"start":{"line":22,"column":32},"end":{"line":22,"column":33}},"loc":{"start":{"line":22,"column":58},"end":{"line":55,"column":1}},"line":22},"2":{"name":"(anonymous_2)","decl":{"start":{"line":57,"column":35},"end":{"line":57,"column":36}},"loc":{"start":{"line":57,"column":61},"end":{"line":69,"column":1}},"line":57},"3":{"name":"(anonymous_3)","decl":{"start":{"line":71,"column":34},"end":{"line":71,"column":35}},"loc":{"start":{"line":71,"column":60},"end":{"line":82,"column":1}},"line":71},"4":{"name":"(anonymous_4)","decl":{"start":{"line":84,"column":32},"end":{"line":84,"column":33}},"loc":{"start":{"line":84,"column":58},"end":{"line":110,"column":1}},"line":84},"5":{"name":"(anonymous_5)","decl":{"start":{"line":112,"column":22},"end":{"line":112,"column":23}},"loc":{"start":{"line":112,"column":48},"end":{"line":127,"column":1}},"line":112}},"branchMap":{"0":{"loc":{"start":{"line":24,"column":12},"end":{"line":24,"column":20}},"type":"default-arg","locations":[{"start":{"line":24,"column":19},"end":{"line":24,"column":20}}],"line":24},"1":{"loc":{"start":{"line":24,"column":22},"end":{"line":24,"column":32}},"type":"default-arg","locations":[{"start":{"line":24,"column":30},"end":{"line":24,"column":32}}],"line":24},"2":{"loc":{"start":{"line":24,"column":77},"end":{"line":24,"column":95}},"type":"default-arg","locations":[{"start":{"line":24,"column":84},"end":{"line":24,"column":95}}],"line":24},"3":{"loc":{"start":{"line":27,"column":4},"end":{"line":27,"column":41}},"type":"if","locations":[{"start":{"line":27,"column":4},"end":{"line":27,"column":41}},{"start":{},"end":{}}],"line":27},"4":{"loc":{"start":{"line":28,"column":4},"end":{"line":28,"column":38}},"type":"if","locations":[{"start":{"line":28,"column":4},"end":{"line":28,"column":38}},{"start":{},"end":{}}],"line":28},"5":{"loc":{"start":{"line":29,"column":4},"end":{"line":29,"column":38}},"type":"if","locations":[{"start":{"line":29,"column":4},"end":{"line":29,"column":38}},{"start":{},"end":{}}],"line":29},"6":{"loc":{"start":{"line":30,"column":4},"end":{"line":30,"column":63}},"type":"if","locations":[{"start":{"line":30,"column":4},"end":{"line":30,"column":63}},{"start":{},"end":{}}],"line":30},"7":{"loc":{"start":{"line":31,"column":4},"end":{"line":35,"column":5}},"type":"if","locations":[{"start":{"line":31,"column":4},"end":{"line":35,"column":5}},{"start":{},"end":{}}],"line":31},"8":{"loc":{"start":{"line":31,"column":8},"end":{"line":31,"column":18}},"type":"binary-expr","locations":[{"start":{"line":31,"column":8},"end":{"line":31,"column":12}},{"start":{"line":31,"column":16},"end":{"line":31,"column":18}}],"line":31},"9":{"loc":{"start":{"line":33,"column":6},"end":{"line":33,"column":53}},"type":"if","locations":[{"start":{"line":33,"column":6},"end":{"line":33,"column":53}},{"start":{},"end":{}}],"line":33},"10":{"loc":{"start":{"line":34,"column":6},"end":{"line":34,"column":49}},"type":"if","locations":[{"start":{"line":34,"column":6},"end":{"line":34,"column":49}},{"start":{},"end":{}}],"line":34},"11":{"loc":{"start":{"line":64,"column":4},"end":{"line":64,"column":66}},"type":"if","locations":[{"start":{"line":64,"column":4},"end":{"line":64,"column":66}},{"start":{},"end":{}}],"line":64},"12":{"loc":{"start":{"line":74,"column":4},"end":{"line":74,"column":66}},"type":"if","locations":[{"start":{"line":74,"column":4},"end":{"line":74,"column":66}},{"start":{},"end":{}}],"line":74},"13":{"loc":{"start":{"line":75,"column":4},"end":{"line":75,"column":87}},"type":"if","locations":[{"start":{"line":75,"column":4},"end":{"line":75,"column":87}},{"start":{},"end":{}}],"line":75},"14":{"loc":{"start":{"line":87,"column":4},"end":{"line":87,"column":80}},"type":"if","locations":[{"start":{"line":87,"column":4},"end":{"line":87,"column":80}},{"start":{},"end":{}}],"line":87},"15":{"loc":{"start":{"line":92,"column":4},"end":{"line":92,"column":66}},"type":"if","locations":[{"start":{"line":92,"column":4},"end":{"line":92,"column":66}},{"start":{},"end":{}}],"line":92},"16":{"loc":{"start":{"line":93,"column":4},"end":{"line":93,"column":82}},"type":"if","locations":[{"start":{"line":93,"column":4},"end":{"line":93,"column":82}},{"start":{},"end":{}}],"line":93},"17":{"loc":{"start":{"line":115,"column":4},"end":{"line":115,"column":92}},"type":"if","locations":[{"start":{"line":115,"column":4},"end":{"line":115,"column":92}},{"start":{},"end":{}}],"line":115},"18":{"loc":{"start":{"line":115,"column":8},"end":{"line":115,"column":30}},"type":"binary-expr","locations":[{"start":{"line":115,"column":8},"end":{"line":115,"column":13}},{"start":{"line":115,"column":17},"end":{"line":115,"column":30}}],"line":115},"19":{"loc":{"start":{"line":117,"column":4},"end":{"line":119,"column":5}},"type":"if","locations":[{"start":{"line":117,"column":4},"end":{"line":119,"column":5}},{"start":{},"end":{}}],"line":117}},"s":{"0":4,"1":8,"2":8,"3":8,"4":8,"5":0,"6":4,"7":1,"8":1,"9":1,"10":1,"11":0,"12":1,"13":0,"14":1,"15":0,"16":1,"17":0,"18":1,"19":0,"20":0,"21":0,"22":0,"23":0,"24":1,"25":1,"26":1,"27":0,"28":4,"29":1,"30":1,"31":1,"32":0,"33":1,"34":0,"35":4,"36":2,"37":2,"38":2,"39":0,"40":2,"41":1,"42":1,"43":1,"44":1,"45":4,"46":4,"47":4,"48":4,"49":0,"50":4,"51":4,"52":0,"53":4,"54":1,"55":3,"56":3,"57":3,"58":3,"59":3,"60":3,"61":3,"62":3,"63":1,"64":4,"65":0,"66":0,"67":0,"68":0,"69":0,"70":0,"71":0,"72":0,"73":0,"74":0},"f":{"0":8,"1":1,"2":1,"3":2,"4":4,"5":0},"b":{"0":[1],"1":[1],"2":[1],"3":[0,1],"4":[0,1],"5":[0,1],"6":[0,1],"7":[0,1],"8":[1,1],"9":[0,0],"10":[0,0],"11":[0,1],"12":[0,2],"13":[1,1],"14":[0,4],"15":[0,4],"16":[1,3],"17":[0,0],"18":[0,0],"19":[0,0]},"inputSourceMap":null,"_coverageSchema":"1a1c01bbd47fc00a2c39e90264f33305004495a9","hash":"c56aa14a8609a75da6f1e94577cceea3a9e94fc4"}
,"C:\\Users\\lacue\\Desktop\\ServerProject\\bildyapp-api\\src\\controllers\\project.controller.js": {"path":"C:\\Users\\lacue\\Desktop\\ServerProject\\bildyapp-api\\src\\controllers\\project.controller.js","statementMap":{"0":{"start":{"line":4,"column":29},"end":{"line":26,"column":1}},"1":{"start":{"line":5,"column":2},"end":{"line":25,"column":3}},"2":{"start":{"line":6,"column":28},"end":{"line":9,"column":6}},"3":{"start":{"line":11,"column":4},"end":{"line":11,"column":96}},"4":{"start":{"line":11,"column":25},"end":{"line":11,"column":96}},"5":{"start":{"line":13,"column":20},"end":{"line":17,"column":6}},"6":{"start":{"line":20,"column":4},"end":{"line":20,"column":83}},"7":{"start":{"line":22,"column":4},"end":{"line":22,"column":34}},"8":{"start":{"line":24,"column":4},"end":{"line":24,"column":16}},"9":{"start":{"line":28,"column":27},"end":{"line":53,"column":1}},"10":{"start":{"line":29,"column":2},"end":{"line":52,"column":3}},"11":{"start":{"line":30,"column":80},"end":{"line":30,"column":89}},"12":{"start":{"line":31,"column":18},"end":{"line":31,"column":63}},"13":{"start":{"line":32,"column":4},"end":{"line":32,"column":59}},"14":{"start":{"line":32,"column":14},"end":{"line":32,"column":59}},"15":{"start":{"line":33,"column":4},"end":{"line":33,"column":38}},"16":{"start":{"line":33,"column":16},"end":{"line":33,"column":38}},"17":{"start":{"line":34,"column":4},"end":{"line":34,"column":63}},"18":{"start":{"line":34,"column":30},"end":{"line":34,"column":63}},"19":{"start":{"line":36,"column":21},"end":{"line":40,"column":31}},"20":{"start":{"line":42,"column":23},"end":{"line":42,"column":58}},"21":{"start":{"line":44,"column":4},"end":{"line":49,"column":7}},"22":{"start":{"line":51,"column":4},"end":{"line":51,"column":16}},"23":{"start":{"line":55,"column":30},"end":{"line":64,"column":1}},"24":{"start":{"line":56,"column":2},"end":{"line":63,"column":3}},"25":{"start":{"line":57,"column":20},"end":{"line":58,"column":37}},"26":{"start":{"line":59,"column":4},"end":{"line":59,"column":63}},"27":{"start":{"line":59,"column":18},"end":{"line":59,"column":63}},"28":{"start":{"line":60,"column":4},"end":{"line":60,"column":22}},"29":{"start":{"line":62,"column":4},"end":{"line":62,"column":16}},"30":{"start":{"line":66,"column":29},"end":{"line":88,"column":1}},"31":{"start":{"line":67,"column":2},"end":{"line":87,"column":3}},"32":{"start":{"line":68,"column":4},"end":{"line":75,"column":5}},"33":{"start":{"line":69,"column":23},"end":{"line":73,"column":8}},"34":{"start":{"line":74,"column":6},"end":{"line":74,"column":75}},"35":{"start":{"line":74,"column":20},"end":{"line":74,"column":75}},"36":{"start":{"line":77,"column":20},"end":{"line":81,"column":5}},"37":{"start":{"line":83,"column":4},"end":{"line":83,"column":63}},"38":{"start":{"line":83,"column":18},"end":{"line":83,"column":63}},"39":{"start":{"line":84,"column":4},"end":{"line":84,"column":22}},"40":{"start":{"line":86,"column":4},"end":{"line":86,"column":16}},"41":{"start":{"line":90,"column":29},"end":{"line":108,"column":1}},"42":{"start":{"line":91,"column":2},"end":{"line":107,"column":3}},"43":{"start":{"line":92,"column":25},"end":{"line":92,"column":51}},"44":{"start":{"line":94,"column":4},"end":{"line":102,"column":5}},"45":{"start":{"line":95,"column":6},"end":{"line":99,"column":8}},"46":{"start":{"line":101,"column":6},"end":{"line":101,"column":98}},"47":{"start":{"line":103,"column":4},"end":{"line":103,"column":63}},"48":{"start":{"line":103,"column":18},"end":{"line":103,"column":63}},"49":{"start":{"line":104,"column":4},"end":{"line":104,"column":93}},"50":{"start":{"line":106,"column":4},"end":{"line":106,"column":16}},"51":{"start":{"line":110,"column":35},"end":{"line":118,"column":1}},"52":{"start":{"line":111,"column":2},"end":{"line":117,"column":3}},"53":{"start":{"line":112,"column":21},"end":{"line":113,"column":33}},"54":{"start":{"line":114,"column":4},"end":{"line":114,"column":23}},"55":{"start":{"line":116,"column":4},"end":{"line":116,"column":16}},"56":{"start":{"line":120,"column":30},"end":{"line":132,"column":1}},"57":{"start":{"line":121,"column":2},"end":{"line":131,"column":3}},"58":{"start":{"line":122,"column":20},"end":{"line":126,"column":5}},"59":{"start":{"line":127,"column":4},"end":{"line":127,"column":72}},"60":{"start":{"line":127,"column":18},"end":{"line":127,"column":72}},"61":{"start":{"line":128,"column":4},"end":{"line":128,"column":22}},"62":{"start":{"line":130,"column":4},"end":{"line":130,"column":16}}},"fnMap":{"0":{"name":"(anonymous_0)","decl":{"start":{"line":4,"column":29},"end":{"line":4,"column":30}},"loc":{"start":{"line":4,"column":55},"end":{"line":26,"column":1}},"line":4},"1":{"name":"(anonymous_1)","decl":{"start":{"line":28,"column":27},"end":{"line":28,"column":28}},"loc":{"start":{"line":28,"column":53},"end":{"line":53,"column":1}},"line":28},"2":{"name":"(anonymous_2)","decl":{"start":{"line":55,"column":30},"end":{"line":55,"column":31}},"loc":{"start":{"line":55,"column":56},"end":{"line":64,"column":1}},"line":55},"3":{"name":"(anonymous_3)","decl":{"start":{"line":66,"column":29},"end":{"line":66,"column":30}},"loc":{"start":{"line":66,"column":55},"end":{"line":88,"column":1}},"line":66},"4":{"name":"(anonymous_4)","decl":{"start":{"line":90,"column":29},"end":{"line":90,"column":30}},"loc":{"start":{"line":90,"column":55},"end":{"line":108,"column":1}},"line":90},"5":{"name":"(anonymous_5)","decl":{"start":{"line":110,"column":35},"end":{"line":110,"column":36}},"loc":{"start":{"line":110,"column":61},"end":{"line":118,"column":1}},"line":110},"6":{"name":"(anonymous_6)","decl":{"start":{"line":120,"column":30},"end":{"line":120,"column":31}},"loc":{"start":{"line":120,"column":56},"end":{"line":132,"column":1}},"line":120}},"branchMap":{"0":{"loc":{"start":{"line":11,"column":4},"end":{"line":11,"column":96}},"type":"if","locations":[{"start":{"line":11,"column":4},"end":{"line":11,"column":96}},{"start":{},"end":{}}],"line":11},"1":{"loc":{"start":{"line":30,"column":12},"end":{"line":30,"column":20}},"type":"default-arg","locations":[{"start":{"line":30,"column":19},"end":{"line":30,"column":20}}],"line":30},"2":{"loc":{"start":{"line":30,"column":22},"end":{"line":30,"column":32}},"type":"default-arg","locations":[{"start":{"line":30,"column":30},"end":{"line":30,"column":32}}],"line":30},"3":{"loc":{"start":{"line":30,"column":56},"end":{"line":30,"column":75}},"type":"default-arg","locations":[{"start":{"line":30,"column":63},"end":{"line":30,"column":75}}],"line":30},"4":{"loc":{"start":{"line":32,"column":4},"end":{"line":32,"column":59}},"type":"if","locations":[{"start":{"line":32,"column":4},"end":{"line":32,"column":59}},{"start":{},"end":{}}],"line":32},"5":{"loc":{"start":{"line":33,"column":4},"end":{"line":33,"column":38}},"type":"if","locations":[{"start":{"line":33,"column":4},"end":{"line":33,"column":38}},{"start":{},"end":{}}],"line":33},"6":{"loc":{"start":{"line":34,"column":4},"end":{"line":34,"column":63}},"type":"if","locations":[{"start":{"line":34,"column":4},"end":{"line":34,"column":63}},{"start":{},"end":{}}],"line":34},"7":{"loc":{"start":{"line":59,"column":4},"end":{"line":59,"column":63}},"type":"if","locations":[{"start":{"line":59,"column":4},"end":{"line":59,"column":63}},{"start":{},"end":{}}],"line":59},"8":{"loc":{"start":{"line":68,"column":4},"end":{"line":75,"column":5}},"type":"if","locations":[{"start":{"line":68,"column":4},"end":{"line":75,"column":5}},{"start":{},"end":{}}],"line":68},"9":{"loc":{"start":{"line":74,"column":6},"end":{"line":74,"column":75}},"type":"if","locations":[{"start":{"line":74,"column":6},"end":{"line":74,"column":75}},{"start":{},"end":{}}],"line":74},"10":{"loc":{"start":{"line":83,"column":4},"end":{"line":83,"column":63}},"type":"if","locations":[{"start":{"line":83,"column":4},"end":{"line":83,"column":63}},{"start":{},"end":{}}],"line":83},"11":{"loc":{"start":{"line":94,"column":4},"end":{"line":102,"column":5}},"type":"if","locations":[{"start":{"line":94,"column":4},"end":{"line":102,"column":5}},{"start":{"line":100,"column":11},"end":{"line":102,"column":5}}],"line":94},"12":{"loc":{"start":{"line":103,"column":4},"end":{"line":103,"column":63}},"type":"if","locations":[{"start":{"line":103,"column":4},"end":{"line":103,"column":63}},{"start":{},"end":{}}],"line":103},"13":{"loc":{"start":{"line":104,"column":24},"end":{"line":104,"column":89}},"type":"cond-expr","locations":[{"start":{"line":104,"column":39},"end":{"line":104,"column":57}},{"start":{"line":104,"column":60},"end":{"line":104,"column":89}}],"line":104},"14":{"loc":{"start":{"line":127,"column":4},"end":{"line":127,"column":72}},"type":"if","locations":[{"start":{"line":127,"column":4},"end":{"line":127,"column":72}},{"start":{},"end":{}}],"line":127}},"s":{"0":4,"1":17,"2":17,"3":17,"4":1,"5":16,"6":16,"7":16,"8":1,"9":4,"10":1,"11":1,"12":1,"13":1,"14":0,"15":1,"16":0,"17":1,"18":0,"19":1,"20":1,"21":1,"22":0,"23":4,"24":1,"25":1,"26":1,"27":0,"28":1,"29":0,"30":4,"31":1,"32":1,"33":0,"34":0,"35":0,"36":1,"37":1,"38":0,"39":1,"40":0,"41":4,"42":3,"43":3,"44":3,"45":3,"46":0,"47":3,"48":0,"49":3,"50":0,"51":4,"52":1,"53":1,"54":1,"55":0,"56":4,"57":1,"58":1,"59":1,"60":0,"61":1,"62":0},"f":{"0":17,"1":1,"2":1,"3":1,"4":3,"5":1,"6":1},"b":{"0":[1,16],"1":[1],"2":[1],"3":[1],"4":[0,1],"5":[0,1],"6":[0,1],"7":[0,1],"8":[0,1],"9":[0,0],"10":[0,1],"11":[3,0],"12":[0,3],"13":[3,0],"14":[0,1]},"inputSourceMap":null,"_coverageSchema":"1a1c01bbd47fc00a2c39e90264f33305004495a9","hash":"fe848563c689a3242e4d4c1c877f98e4adbe65a6"}
,"C:\\Users\\lacue\\Desktop\\ServerProject\\bildyapp-api\\src\\controllers\\user.controller.js": {"path":"C:\\Users\\lacue\\Desktop\\ServerProject\\bildyapp-api\\src\\controllers\\user.controller.js","statementMap":{"0":{"start":{"line":9,"column":28},"end":{"line":40,"column":1}},"1":{"start":{"line":10,"column":2},"end":{"line":39,"column":34}},"2":{"start":{"line":11,"column":32},"end":{"line":11,"column":40}},"3":{"start":{"line":12,"column":25},"end":{"line":12,"column":54}},"4":{"start":{"line":13,"column":4},"end":{"line":13,"column":81}},"5":{"start":{"line":13,"column":22},"end":{"line":13,"column":81}},"6":{"start":{"line":16,"column":29},"end":{"line":16,"column":83}},"7":{"start":{"line":18,"column":4},"end":{"line":23,"column":7}},"8":{"start":{"line":26,"column":4},"end":{"line":33,"column":5}},"9":{"start":{"line":27,"column":6},"end":{"line":27,"column":59}},"10":{"start":{"line":28,"column":6},"end":{"line":28,"column":60}},"11":{"start":{"line":31,"column":6},"end":{"line":31,"column":64}},"12":{"start":{"line":32,"column":6},"end":{"line":32,"column":71}},"13":{"start":{"line":35,"column":4},"end":{"line":38,"column":7}},"14":{"start":{"line":39,"column":20},"end":{"line":39,"column":32}},"15":{"start":{"line":43,"column":29},"end":{"line":54,"column":1}},"16":{"start":{"line":44,"column":2},"end":{"line":53,"column":34}},"17":{"start":{"line":45,"column":28},"end":{"line":45,"column":36}},"18":{"start":{"line":46,"column":17},"end":{"line":46,"column":70}},"19":{"start":{"line":47,"column":4},"end":{"line":47,"column":64}},"20":{"start":{"line":47,"column":15},"end":{"line":47,"column":64}},"21":{"start":{"line":49,"column":4},"end":{"line":49,"column":27}},"22":{"start":{"line":50,"column":4},"end":{"line":50,"column":38}},"23":{"start":{"line":51,"column":4},"end":{"line":51,"column":22}},"24":{"start":{"line":52,"column":4},"end":{"line":52,"column":69}},"25":{"start":{"line":53,"column":20},"end":{"line":53,"column":32}},"26":{"start":{"line":57,"column":25},"end":{"line":67,"column":1}},"27":{"start":{"line":58,"column":2},"end":{"line":66,"column":34}},"28":{"start":{"line":59,"column":32},"end":{"line":59,"column":40}},"29":{"start":{"line":60,"column":17},"end":{"line":60,"column":66}},"30":{"start":{"line":61,"column":4},"end":{"line":63,"column":5}},"31":{"start":{"line":62,"column":6},"end":{"line":62,"column":64}},"32":{"start":{"line":64,"column":18},"end":{"line":64,"column":91}},"33":{"start":{"line":65,"column":4},"end":{"line":65,"column":55}},"34":{"start":{"line":66,"column":20},"end":{"line":66,"column":32}},"35":{"start":{"line":70,"column":34},"end":{"line":75,"column":1}},"36":{"start":{"line":71,"column":2},"end":{"line":74,"column":34}},"37":{"start":{"line":72,"column":17},"end":{"line":72,"column":84}},"38":{"start":{"line":73,"column":4},"end":{"line":73,"column":60}},"39":{"start":{"line":74,"column":20},"end":{"line":74,"column":32}},"40":{"start":{"line":78,"column":33},"end":{"line":88,"column":1}},"41":{"start":{"line":79,"column":2},"end":{"line":87,"column":34}},"42":{"start":{"line":80,"column":18},"end":{"line":84,"column":5}},"43":{"start":{"line":85,"column":4},"end":{"line":85,"column":88}},"44":{"start":{"line":86,"column":4},"end":{"line":86,"column":63}},"45":{"start":{"line":87,"column":20},"end":{"line":87,"column":32}},"46":{"start":{"line":91,"column":33},"end":{"line":101,"column":1}},"47":{"start":{"line":92,"column":2},"end":{"line":100,"column":34}},"48":{"start":{"line":93,"column":4},"end":{"line":93,"column":72}},"49":{"start":{"line":93,"column":19},"end":{"line":93,"column":72}},"50":{"start":{"line":94,"column":20},"end":{"line":98,"column":5}},"51":{"start":{"line":99,"column":4},"end":{"line":99,"column":69}},"52":{"start":{"line":100,"column":20},"end":{"line":100,"column":32}},"53":{"start":{"line":104,"column":30},"end":{"line":109,"column":1}},"54":{"start":{"line":105,"column":2},"end":{"line":108,"column":34}},"55":{"start":{"line":106,"column":17},"end":{"line":106,"column":70}},"56":{"start":{"line":107,"column":4},"end":{"line":107,"column":60}},"57":{"start":{"line":108,"column":20},"end":{"line":108,"column":32}},"58":{"start":{"line":112,"column":34},"end":{"line":115,"column":1}},"59":{"start":{"line":113,"column":16},"end":{"line":113,"column":93}},"60":{"start":{"line":114,"column":2},"end":{"line":114,"column":53}},"61":{"start":{"line":118,"column":26},"end":{"line":120,"column":1}},"62":{"start":{"line":119,"column":2},"end":{"line":119,"column":69}},"63":{"start":{"line":123,"column":26},"end":{"line":128,"column":1}},"64":{"start":{"line":124,"column":2},"end":{"line":127,"column":34}},"65":{"start":{"line":125,"column":4},"end":{"line":125,"column":66}},"66":{"start":{"line":126,"column":4},"end":{"line":126,"column":72}},"67":{"start":{"line":127,"column":20},"end":{"line":127,"column":32}},"68":{"start":{"line":131,"column":30},"end":{"line":140,"column":1}},"69":{"start":{"line":132,"column":2},"end":{"line":139,"column":34}},"70":{"start":{"line":133,"column":17},"end":{"line":133,"column":70}},"71":{"start":{"line":134,"column":20},"end":{"line":134,"column":81}},"72":{"start":{"line":135,"column":4},"end":{"line":135,"column":71}},"73":{"start":{"line":135,"column":18},"end":{"line":135,"column":71}},"74":{"start":{"line":136,"column":4},"end":{"line":136,"column":41}},"75":{"start":{"line":137,"column":4},"end":{"line":137,"column":22}},"76":{"start":{"line":138,"column":4},"end":{"line":138,"column":77}},"77":{"start":{"line":139,"column":20},"end":{"line":139,"column":32}},"78":{"start":{"line":143,"column":26},"end":{"line":155,"column":1}},"79":{"start":{"line":144,"column":2},"end":{"line":154,"column":34}},"80":{"start":{"line":145,"column":22},"end":{"line":145,"column":30}},"81":{"start":{"line":146,"column":20},"end":{"line":152,"column":6}},"82":{"start":{"line":153,"column":4},"end":{"line":153,"column":88}},"83":{"start":{"line":154,"column":20},"end":{"line":154,"column":32}}},"fnMap":{"0":{"name":"(anonymous_0)","decl":{"start":{"line":9,"column":28},"end":{"line":9,"column":29}},"loc":{"start":{"line":9,"column":54},"end":{"line":40,"column":1}},"line":9},"1":{"name":"(anonymous_1)","decl":{"start":{"line":43,"column":29},"end":{"line":43,"column":30}},"loc":{"start":{"line":43,"column":55},"end":{"line":54,"column":1}},"line":43},"2":{"name":"(anonymous_2)","decl":{"start":{"line":57,"column":25},"end":{"line":57,"column":26}},"loc":{"start":{"line":57,"column":51},"end":{"line":67,"column":1}},"line":57},"3":{"name":"(anonymous_3)","decl":{"start":{"line":70,"column":34},"end":{"line":70,"column":35}},"loc":{"start":{"line":70,"column":60},"end":{"line":75,"column":1}},"line":70},"4":{"name":"(anonymous_4)","decl":{"start":{"line":78,"column":33},"end":{"line":78,"column":34}},"loc":{"start":{"line":78,"column":59},"end":{"line":88,"column":1}},"line":78},"5":{"name":"(anonymous_5)","decl":{"start":{"line":91,"column":33},"end":{"line":91,"column":34}},"loc":{"start":{"line":91,"column":59},"end":{"line":101,"column":1}},"line":91},"6":{"name":"(anonymous_6)","decl":{"start":{"line":104,"column":30},"end":{"line":104,"column":31}},"loc":{"start":{"line":104,"column":56},"end":{"line":109,"column":1}},"line":104},"7":{"name":"(anonymous_7)","decl":{"start":{"line":112,"column":34},"end":{"line":112,"column":35}},"loc":{"start":{"line":112,"column":54},"end":{"line":115,"column":1}},"line":112},"8":{"name":"(anonymous_8)","decl":{"start":{"line":118,"column":26},"end":{"line":118,"column":27}},"loc":{"start":{"line":118,"column":40},"end":{"line":120,"column":1}},"line":118},"9":{"name":"(anonymous_9)","decl":{"start":{"line":123,"column":26},"end":{"line":123,"column":27}},"loc":{"start":{"line":123,"column":52},"end":{"line":128,"column":1}},"line":123},"10":{"name":"(anonymous_10)","decl":{"start":{"line":131,"column":30},"end":{"line":131,"column":31}},"loc":{"start":{"line":131,"column":56},"end":{"line":140,"column":1}},"line":131},"11":{"name":"(anonymous_11)","decl":{"start":{"line":143,"column":26},"end":{"line":143,"column":27}},"loc":{"start":{"line":143,"column":52},"end":{"line":155,"column":1}},"line":143}},"branchMap":{"0":{"loc":{"start":{"line":13,"column":4},"end":{"line":13,"column":81}},"type":"if","locations":[{"start":{"line":13,"column":4},"end":{"line":13,"column":81}},{"start":{},"end":{}}],"line":13},"1":{"loc":{"start":{"line":47,"column":4},"end":{"line":47,"column":64}},"type":"if","locations":[{"start":{"line":47,"column":4},"end":{"line":47,"column":64}},{"start":{},"end":{}}],"line":47},"2":{"loc":{"start":{"line":61,"column":4},"end":{"line":63,"column":5}},"type":"if","locations":[{"start":{"line":61,"column":4},"end":{"line":63,"column":5}},{"start":{},"end":{}}],"line":61},"3":{"loc":{"start":{"line":61,"column":8},"end":{"line":61,"column":65}},"type":"binary-expr","locations":[{"start":{"line":61,"column":8},"end":{"line":61,"column":13}},{"start":{"line":61,"column":17},"end":{"line":61,"column":65}}],"line":61},"4":{"loc":{"start":{"line":93,"column":4},"end":{"line":93,"column":72}},"type":"if","locations":[{"start":{"line":93,"column":4},"end":{"line":93,"column":72}},{"start":{},"end":{}}],"line":93},"5":{"loc":{"start":{"line":135,"column":4},"end":{"line":135,"column":71}},"type":"if","locations":[{"start":{"line":135,"column":4},"end":{"line":135,"column":71}},{"start":{},"end":{}}],"line":135}},"s":{"0":4,"1":32,"2":32,"3":32,"4":32,"5":1,"6":31,"7":31,"8":31,"9":31,"10":31,"11":0,"12":0,"13":31,"14":0,"15":4,"16":1,"17":1,"18":1,"19":1,"20":0,"21":1,"22":1,"23":1,"24":1,"25":0,"26":4,"27":54,"28":54,"29":54,"30":54,"31":0,"32":54,"33":54,"34":0,"35":4,"36":1,"37":1,"38":1,"39":0,"40":4,"41":26,"42":26,"43":26,"44":26,"45":0,"46":4,"47":0,"48":0,"49":0,"50":0,"51":0,"52":0,"53":4,"54":0,"55":0,"56":0,"57":0,"58":4,"59":0,"60":0,"61":4,"62":0,"63":4,"64":1,"65":1,"66":1,"67":0,"68":4,"69":0,"70":0,"71":0,"72":0,"73":0,"74":0,"75":0,"76":0,"77":0,"78":4,"79":0,"80":0,"81":0,"82":0,"83":0},"f":{"0":32,"1":1,"2":54,"3":1,"4":26,"5":0,"6":0,"7":0,"8":0,"9":1,"10":0,"11":0},"b":{"0":[1,31],"1":[0,1],"2":[0,54],"3":[54,54],"4":[0,0],"5":[0,0]},"inputSourceMap":null,"_coverageSchema":"1a1c01bbd47fc00a2c39e90264f33305004495a9","hash":"9f789dc10dff6a8f8f586af2c3a8a49a7fa54403"}
,"C:\\Users\\lacue\\Desktop\\ServerProject\\bildyapp-api\\src\\middleware\\auth.middleware.js": {"path":"C:\\Users\\lacue\\Desktop\\ServerProject\\bildyapp-api\\src\\middleware\\auth.middleware.js","statementMap":{"0":{"start":{"line":5,"column":23},"end":{"line":24,"column":1}},"1":{"start":{"line":6,"column":2},"end":{"line":23,"column":3}},"2":{"start":{"line":8,"column":4},"end":{"line":10,"column":5}},"3":{"start":{"line":9,"column":6},"end":{"line":9,"column":54}},"4":{"start":{"line":12,"column":4},"end":{"line":12,"column":68}},"5":{"start":{"line":12,"column":16},"end":{"line":12,"column":68}},"6":{"start":{"line":14,"column":20},"end":{"line":14,"column":61}},"7":{"start":{"line":15,"column":17},"end":{"line":15,"column":49}},"8":{"start":{"line":17,"column":4},"end":{"line":17,"column":99}},"9":{"start":{"line":17,"column":31},"end":{"line":17,"column":99}},"10":{"start":{"line":19,"column":4},"end":{"line":19,"column":20}},"11":{"start":{"line":20,"column":4},"end":{"line":20,"column":11}},"12":{"start":{"line":22,"column":4},"end":{"line":22,"column":49}}},"fnMap":{"0":{"name":"(anonymous_0)","decl":{"start":{"line":5,"column":23},"end":{"line":5,"column":24}},"loc":{"start":{"line":5,"column":49},"end":{"line":24,"column":1}},"line":5}},"branchMap":{"0":{"loc":{"start":{"line":8,"column":4},"end":{"line":10,"column":5}},"type":"if","locations":[{"start":{"line":8,"column":4},"end":{"line":10,"column":5}},{"start":{},"end":{}}],"line":8},"1":{"loc":{"start":{"line":8,"column":8},"end":{"line":8,"column":83}},"type":"binary-expr","locations":[{"start":{"line":8,"column":8},"end":{"line":8,"column":33}},{"start":{"line":8,"column":37},"end":{"line":8,"column":83}}],"line":8},"2":{"loc":{"start":{"line":12,"column":4},"end":{"line":12,"column":68}},"type":"if","locations":[{"start":{"line":12,"column":4},"end":{"line":12,"column":68}},{"start":{},"end":{}}],"line":12},"3":{"loc":{"start":{"line":17,"column":4},"end":{"line":17,"column":99}},"type":"if","locations":[{"start":{"line":17,"column":4},"end":{"line":17,"column":99}},{"start":{},"end":{}}],"line":17},"4":{"loc":{"start":{"line":17,"column":8},"end":{"line":17,"column":29}},"type":"binary-expr","locations":[{"start":{"line":17,"column":8},"end":{"line":17,"column":13}},{"start":{"line":17,"column":17},"end":{"line":17,"column":29}}],"line":17}},"s":{"0":4,"1":106,"2":106,"3":103,"4":106,"5":3,"6":103,"7":103,"8":103,"9":0,"10":103,"11":103,"12":0},"f":{"0":106},"b":{"0":[103,3],"1":[106,103],"2":[3,103],"3":[0,103],"4":[103,103]},"inputSourceMap":null,"_coverageSchema":"1a1c01bbd47fc00a2c39e90264f33305004495a9","hash":"a8d066048d3903ea2597f4fd5070f0f86489bb0c"}
,"C:\\Users\\lacue\\Desktop\\ServerProject\\bildyapp-api\\src\\middleware\\error-handler.js": {"path":"C:\\Users\\lacue\\Desktop\\ServerProject\\bildyapp-api\\src\\middleware\\error-handler.js","statementMap":{"0":{"start":{"line":3,"column":21},"end":{"line":24,"column":1}},"1":{"start":{"line":4,"column":21},"end":{"line":4,"column":42}},"2":{"start":{"line":5,"column":18},"end":{"line":5,"column":56}},"3":{"start":{"line":8,"column":2},"end":{"line":10,"column":3}},"4":{"start":{"line":9,"column":4},"end":{"line":9,"column":56}},"5":{"start":{"line":13,"column":2},"end":{"line":15,"column":3}},"6":{"start":{"line":14,"column":4},"end":{"line":14,"column":36}},"7":{"start":{"line":17,"column":2},"end":{"line":23,"column":5}}},"fnMap":{"0":{"name":"(anonymous_0)","decl":{"start":{"line":3,"column":21},"end":{"line":3,"column":22}},"loc":{"start":{"line":3,"column":46},"end":{"line":24,"column":1}},"line":3}},"branchMap":{"0":{"loc":{"start":{"line":4,"column":21},"end":{"line":4,"column":42}},"type":"binary-expr","locations":[{"start":{"line":4,"column":21},"end":{"line":4,"column":35}},{"start":{"line":4,"column":39},"end":{"line":4,"column":42}}],"line":4},"1":{"loc":{"start":{"line":5,"column":18},"end":{"line":5,"column":56}},"type":"binary-expr","locations":[{"start":{"line":5,"column":18},"end":{"line":5,"column":29}},{"start":{"line":5,"column":33},"end":{"line":5,"column":56}}],"line":5},"2":{"loc":{"start":{"line":8,"column":2},"end":{"line":10,"column":3}},"type":"if","locations":[{"start":{"line":8,"column":2},"end":{"line":10,"column":3}},{"start":{},"end":{}}],"line":8},"3":{"loc":{"start":{"line":13,"column":2},"end":{"line":15,"column":3}},"type":"if","locations":[{"start":{"line":13,"column":2},"end":{"line":15,"column":3}},{"start":{},"end":{}}],"line":13},"4":{"loc":{"start":{"line":22,"column":11},"end":{"line":22,"column":73}},"type":"cond-expr","locations":[{"start":{"line":22,"column":52},"end":{"line":22,"column":61}},{"start":{"line":22,"column":64},"end":{"line":22,"column":73}}],"line":22}},"s":{"0":4,"1":9,"2":9,"3":9,"4":0,"5":9,"6":0,"7":9},"f":{"0":9},"b":{"0":[9,0],"1":[9,0],"2":[0,9],"3":[0,9],"4":[0,9]},"inputSourceMap":null,"_coverageSchema":"1a1c01bbd47fc00a2c39e90264f33305004495a9","hash":"eb6c8832fc38fce5ed058de829d5f59399d7f37c"}
,"C:\\Users\\lacue\\Desktop\\ServerProject\\bildyapp-api\\src\\middleware\\rate-limit.js": {"path":"C:\\Users\\lacue\\Desktop\\ServerProject\\bildyapp-api\\src\\middleware\\rate-limit.js","statementMap":{},"fnMap":{},"branchMap":{},"s":{},"f":{},"b":{},"inputSourceMap":null,"_coverageSchema":"1a1c01bbd47fc00a2c39e90264f33305004495a9","hash":"18c543d9faee06b058394986a51d1d05b9f876f7"}
,"C:\\Users\\lacue\\Desktop\\ServerProject\\bildyapp-api\\src\\middleware\\role.middleware.js": {"path":"C:\\Users\\lacue\\Desktop\\ServerProject\\bildyapp-api\\src\\middleware\\role.middleware.js","statementMap":{"0":{"start":{"line":3,"column":23},"end":{"line":10,"column":1}},"1":{"start":{"line":4,"column":2},"end":{"line":9,"column":4}},"2":{"start":{"line":5,"column":4},"end":{"line":7,"column":5}},"3":{"start":{"line":6,"column":6},"end":{"line":6,"column":55}},"4":{"start":{"line":8,"column":4},"end":{"line":8,"column":11}}},"fnMap":{"0":{"name":"(anonymous_0)","decl":{"start":{"line":3,"column":23},"end":{"line":3,"column":24}},"loc":{"start":{"line":3,"column":37},"end":{"line":10,"column":1}},"line":3},"1":{"name":"(anonymous_1)","decl":{"start":{"line":4,"column":9},"end":{"line":4,"column":10}},"loc":{"start":{"line":4,"column":29},"end":{"line":9,"column":3}},"line":4}},"branchMap":{"0":{"loc":{"start":{"line":5,"column":4},"end":{"line":7,"column":5}},"type":"if","locations":[{"start":{"line":5,"column":4},"end":{"line":7,"column":5}},{"start":{},"end":{}}],"line":5}},"s":{"0":4,"1":4,"2":0,"3":0,"4":0},"f":{"0":4,"1":0},"b":{"0":[0,0]},"inputSourceMap":null,"_coverageSchema":"1a1c01bbd47fc00a2c39e90264f33305004495a9","hash":"a7103372ec0cf17672fe42e7a8487bb974edd51e"}
,"C:\\Users\\lacue\\Desktop\\ServerProject\\bildyapp-api\\src\\middleware\\sanitize.js": {"path":"C:\\Users\\lacue\\Desktop\\ServerProject\\bildyapp-api\\src\\middleware\\sanitize.js","statementMap":{"0":{"start":{"line":3,"column":17},"end":{"line":3,"column":32}}},"fnMap":{},"branchMap":{},"s":{"0":4},"f":{},"b":{},"inputSourceMap":null,"_coverageSchema":"1a1c01bbd47fc00a2c39e90264f33305004495a9","hash":"94b17345723e70c66ff8f7ca7230d13f2da8ec72"}
,"C:\\Users\\lacue\\Desktop\\ServerProject\\bildyapp-api\\src\\middleware\\upload.js": {"path":"C:\\Users\\lacue\\Desktop\\ServerProject\\bildyapp-api\\src\\middleware\\upload.js","statementMap":{"0":{"start":{"line":6,"column":18},"end":{"line":6,"column":41}},"1":{"start":{"line":8,"column":0},"end":{"line":10,"column":1}},"2":{"start":{"line":9,"column":2},"end":{"line":9,"column":47}},"3":{"start":{"line":12,"column":16},"end":{"line":21,"column":2}},"4":{"start":{"line":14,"column":4},"end":{"line":14,"column":24}},"5":{"start":{"line":17,"column":16},"end":{"line":17,"column":47}},"6":{"start":{"line":18,"column":23},"end":{"line":18,"column":84}},"7":{"start":{"line":19,"column":4},"end":{"line":19,"column":25}},"8":{"start":{"line":23,"column":19},"end":{"line":31,"column":1}},"9":{"start":{"line":24,"column":27},"end":{"line":24,"column":81}},"10":{"start":{"line":26,"column":2},"end":{"line":28,"column":3}},"11":{"start":{"line":27,"column":4},"end":{"line":27,"column":85}},"12":{"start":{"line":30,"column":2},"end":{"line":30,"column":17}},"13":{"start":{"line":33,"column":22},"end":{"line":39,"column":2}}},"fnMap":{"0":{"name":"(anonymous_0)","decl":{"start":{"line":13,"column":15},"end":{"line":13,"column":16}},"loc":{"start":{"line":13,"column":34},"end":{"line":15,"column":3}},"line":13},"1":{"name":"(anonymous_1)","decl":{"start":{"line":16,"column":12},"end":{"line":16,"column":13}},"loc":{"start":{"line":16,"column":31},"end":{"line":20,"column":3}},"line":16},"2":{"name":"(anonymous_2)","decl":{"start":{"line":23,"column":19},"end":{"line":23,"column":20}},"loc":{"start":{"line":23,"column":38},"end":{"line":31,"column":1}},"line":23}},"branchMap":{"0":{"loc":{"start":{"line":8,"column":0},"end":{"line":10,"column":1}},"type":"if","locations":[{"start":{"line":8,"column":0},"end":{"line":10,"column":1}},{"start":{},"end":{}}],"line":8},"1":{"loc":{"start":{"line":26,"column":2},"end":{"line":28,"column":3}},"type":"if","locations":[{"start":{"line":26,"column":2},"end":{"line":28,"column":3}},{"start":{},"end":{}}],"line":26}},"s":{"0":4,"1":4,"2":0,"3":4,"4":0,"5":0,"6":0,"7":0,"8":4,"9":0,"10":0,"11":0,"12":0,"13":4},"f":{"0":0,"1":0,"2":0},"b":{"0":[0,4],"1":[0,0]},"inputSourceMap":null,"_coverageSchema":"1a1c01bbd47fc00a2c39e90264f33305004495a9","hash":"d1f645adf651f14f0eca35becde3570e1a632b0e"}
,"C:\\Users\\lacue\\Desktop\\ServerProject\\bildyapp-api\\src\\middleware\\validate.js": {"path":"C:\\Users\\lacue\\Desktop\\ServerProject\\bildyapp-api\\src\\middleware\\validate.js","statementMap":{"0":{"start":{"line":5,"column":17},"end":{"line":28,"column":1}},"1":{"start":{"line":5,"column":29},"end":{"line":28,"column":1}},"2":{"start":{"line":6,"column":2},"end":{"line":27,"column":3}},"3":{"start":{"line":7,"column":19},"end":{"line":11,"column":6}},"4":{"start":{"line":13,"column":4},"end":{"line":13,"column":44}},"5":{"start":{"line":13,"column":21},"end":{"line":13,"column":44}},"6":{"start":{"line":14,"column":4},"end":{"line":14,"column":50}},"7":{"start":{"line":14,"column":23},"end":{"line":14,"column":50}},"8":{"start":{"line":15,"column":4},"end":{"line":15,"column":47}},"9":{"start":{"line":15,"column":22},"end":{"line":15,"column":47}},"10":{"start":{"line":17,"column":4},"end":{"line":17,"column":11}},"11":{"start":{"line":19,"column":4},"end":{"line":25,"column":5}},"12":{"start":{"line":20,"column":28},"end":{"line":22,"column":19}},"13":{"start":{"line":21,"column":22},"end":{"line":21,"column":61}},"14":{"start":{"line":24,"column":6},"end":{"line":24,"column":78}},"15":{"start":{"line":26,"column":4},"end":{"line":26,"column":16}}},"fnMap":{"0":{"name":"(anonymous_0)","decl":{"start":{"line":5,"column":17},"end":{"line":5,"column":18}},"loc":{"start":{"line":5,"column":29},"end":{"line":28,"column":1}},"line":5},"1":{"name":"(anonymous_1)","decl":{"start":{"line":5,"column":29},"end":{"line":5,"column":30}},"loc":{"start":{"line":5,"column":55},"end":{"line":28,"column":1}},"line":5},"2":{"name":"(anonymous_2)","decl":{"start":{"line":21,"column":13},"end":{"line":21,"column":14}},"loc":{"start":{"line":21,"column":22},"end":{"line":21,"column":61}},"line":21}},"branchMap":{"0":{"loc":{"start":{"line":13,"column":4},"end":{"line":13,"column":44}},"type":"if","locations":[{"start":{"line":13,"column":4},"end":{"line":13,"column":44}},{"start":{},"end":{}}],"line":13},"1":{"loc":{"start":{"line":14,"column":4},"end":{"line":14,"column":50}},"type":"if","locations":[{"start":{"line":14,"column":4},"end":{"line":14,"column":50}},{"start":{},"end":{}}],"line":14},"2":{"loc":{"start":{"line":15,"column":4},"end":{"line":15,"column":47}},"type":"if","locations":[{"start":{"line":15,"column":4},"end":{"line":15,"column":47}},{"start":{},"end":{}}],"line":15},"3":{"loc":{"start":{"line":19,"column":4},"end":{"line":25,"column":5}},"type":"if","locations":[{"start":{"line":19,"column":4},"end":{"line":25,"column":5}},{"start":{},"end":{}}],"line":19}},"s":{"0":4,"1":48,"2":165,"3":165,"4":165,"5":165,"6":165,"7":0,"8":165,"9":0,"10":165,"11":0,"12":0,"13":0,"14":0,"15":0},"f":{"0":48,"1":165,"2":0},"b":{"0":[165,0],"1":[0,165],"2":[0,165],"3":[0,0]},"inputSourceMap":null,"_coverageSchema":"1a1c01bbd47fc00a2c39e90264f33305004495a9","hash":"dfe6bc30814476744dd8ddc1a773dbb6d8522787"}
,"C:\\Users\\lacue\\Desktop\\ServerProject\\bildyapp-api\\src\\models\\Client.js": {"path":"C:\\Users\\lacue\\Desktop\\ServerProject\\bildyapp-api\\src\\models\\Client.js","statementMap":{"0":{"start":{"line":3,"column":21},"end":{"line":50,"column":1}},"1":{"start":{"line":53,"column":0},"end":{"line":53,"column":61}},"2":{"start":{"line":55,"column":15},"end":{"line":55,"column":44}}},"fnMap":{},"branchMap":{},"s":{"0":4,"1":4,"2":4},"f":{},"b":{},"inputSourceMap":null,"_coverageSchema":"1a1c01bbd47fc00a2c39e90264f33305004495a9","hash":"c5d7a0f685c71df384ee4d59a2e2d59dd7a4cb11"}
,"C:\\Users\\lacue\\Desktop\\ServerProject\\bildyapp-api\\src\\models\\Company.js": {"path":"C:\\Users\\lacue\\Desktop\\ServerProject\\bildyapp-api\\src\\models\\Company.js","statementMap":{"0":{"start":{"line":3,"column":22},"end":{"line":29,"column":2}},"1":{"start":{"line":31,"column":16},"end":{"line":31,"column":56}}},"fnMap":{},"branchMap":{},"s":{"0":4,"1":4},"f":{},"b":{},"inputSourceMap":null,"_coverageSchema":"1a1c01bbd47fc00a2c39e90264f33305004495a9","hash":"7ce713e832bafb8f1dfc40f6da8973997070f5dd"}
,"C:\\Users\\lacue\\Desktop\\ServerProject\\bildyapp-api\\src\\models\\DeliveryNote.js": {"path":"C:\\Users\\lacue\\Desktop\\ServerProject\\bildyapp-api\\src\\models\\DeliveryNote.js","statementMap":{"0":{"start":{"line":3,"column":27},"end":{"line":33,"column":1}},"1":{"start":{"line":35,"column":21},"end":{"line":35,"column":62}}},"fnMap":{},"branchMap":{},"s":{"0":4,"1":4},"f":{},"b":{},"inputSourceMap":null,"_coverageSchema":"1a1c01bbd47fc00a2c39e90264f33305004495a9","hash":"d78490e082ca22a2c456cfe415ef0dd2f7a38823"}
,"C:\\Users\\lacue\\Desktop\\ServerProject\\bildyapp-api\\src\\models\\Project.js": {"path":"C:\\Users\\lacue\\Desktop\\ServerProject\\bildyapp-api\\src\\models\\Project.js","statementMap":{"0":{"start":{"line":3,"column":22},"end":{"line":58,"column":1}},"1":{"start":{"line":61,"column":0},"end":{"line":61,"column":70}},"2":{"start":{"line":63,"column":16},"end":{"line":63,"column":47}}},"fnMap":{},"branchMap":{},"s":{"0":4,"1":4,"2":4},"f":{},"b":{},"inputSourceMap":null,"_coverageSchema":"1a1c01bbd47fc00a2c39e90264f33305004495a9","hash":"a26248db8085446c5b52a1adc064e14ffeb999ed"}
,"C:\\Users\\lacue\\Desktop\\ServerProject\\bildyapp-api\\src\\models\\User.js": {"path":"C:\\Users\\lacue\\Desktop\\ServerProject\\bildyapp-api\\src\\models\\User.js","statementMap":{"0":{"start":{"line":4,"column":22},"end":{"line":10,"column":18}},"1":{"start":{"line":12,"column":19},"end":{"line":55,"column":2}},"2":{"start":{"line":57,"column":0},"end":{"line":59,"column":3}},"3":{"start":{"line":58,"column":2},"end":{"line":58,"column":60}},"4":{"start":{"line":61,"column":0},"end":{"line":65,"column":3}},"5":{"start":{"line":62,"column":2},"end":{"line":62,"column":50}},"6":{"start":{"line":62,"column":36},"end":{"line":62,"column":50}},"7":{"start":{"line":63,"column":2},"end":{"line":63,"column":55}},"8":{"start":{"line":64,"column":2},"end":{"line":64,"column":9}},"9":{"start":{"line":68,"column":13},"end":{"line":68,"column":38}}},"fnMap":{"0":{"name":"(anonymous_0)","decl":{"start":{"line":57,"column":35},"end":{"line":57,"column":36}},"loc":{"start":{"line":57,"column":46},"end":{"line":59,"column":1}},"line":57},"1":{"name":"(anonymous_1)","decl":{"start":{"line":61,"column":23},"end":{"line":61,"column":24}},"loc":{"start":{"line":61,"column":44},"end":{"line":65,"column":1}},"line":61}},"branchMap":{"0":{"loc":{"start":{"line":58,"column":12},"end":{"line":58,"column":27}},"type":"binary-expr","locations":[{"start":{"line":58,"column":12},"end":{"line":58,"column":21}},{"start":{"line":58,"column":25},"end":{"line":58,"column":27}}],"line":58},"1":{"loc":{"start":{"line":58,"column":31},"end":{"line":58,"column":50}},"type":"binary-expr","locations":[{"start":{"line":58,"column":31},"end":{"line":58,"column":44}},{"start":{"line":58,"column":48},"end":{"line":58,"column":50}}],"line":58},"2":{"loc":{"start":{"line":62,"column":2},"end":{"line":62,"column":50}},"type":"if","locations":[{"start":{"line":62,"column":2},"end":{"line":62,"column":50}},{"start":{},"end":{}}],"line":62}},"s":{"0":4,"1":4,"2":4,"3":2,"4":4,"5":32,"6":1,"7":31,"8":31,"9":4},"f":{"0":2,"1":32},"b":{"0":[2,1],"1":[2,1],"2":[1,31]},"inputSourceMap":null,"_coverageSchema":"1a1c01bbd47fc00a2c39e90264f33305004495a9","hash":"e88102364113099f1f5ba8f963db56251afb9aa9"}
,"C:\\Users\\lacue\\Desktop\\ServerProject\\bildyapp-api\\src\\routes\\client.routes.js": {"path":"C:\\Users\\lacue\\Desktop\\ServerProject\\bildyapp-api\\src\\routes\\client.routes.js","statementMap":{"0":{"start":{"line":7,"column":15},"end":{"line":7,"column":23}},"1":{"start":{"line":9,"column":0},"end":{"line":9,"column":17}},"2":{"start":{"line":11,"column":0},"end":{"line":11,"column":61}},"3":{"start":{"line":12,"column":0},"end":{"line":12,"column":61}},"4":{"start":{"line":14,"column":0},"end":{"line":16,"column":36}},"5":{"start":{"line":18,"column":0},"end":{"line":21,"column":41}}},"fnMap":{},"branchMap":{},"s":{"0":4,"1":4,"2":4,"3":4,"4":4,"5":4},"f":{},"b":{},"inputSourceMap":null,"_coverageSchema":"1a1c01bbd47fc00a2c39e90264f33305004495a9","hash":"27c52ff6acf034fe549bb993f1ec20f09194fbdb"}
,"C:\\Users\\lacue\\Desktop\\ServerProject\\bildyapp-api\\src\\routes\\deliverynote.routes.js": {"path":"C:\\Users\\lacue\\Desktop\\ServerProject\\bildyapp-api\\src\\routes\\deliverynote.routes.js","statementMap":{"0":{"start":{"line":7,"column":15},"end":{"line":7,"column":23}},"1":{"start":{"line":10,"column":0},"end":{"line":10,"column":27}},"2":{"start":{"line":14,"column":0},"end":{"line":14,"column":44}},"3":{"start":{"line":16,"column":0},"end":{"line":16,"column":57}},"4":{"start":{"line":21,"column":0},"end":{"line":23,"column":38}},"5":{"start":{"line":28,"column":0},"end":{"line":30,"column":43}}},"fnMap":{},"branchMap":{},"s":{"0":4,"1":4,"2":4,"3":4,"4":4,"5":4},"f":{},"b":{},"inputSourceMap":null,"_coverageSchema":"1a1c01bbd47fc00a2c39e90264f33305004495a9","hash":"735a3013bc447f01453375fc18d582a9166464b3"}
,"C:\\Users\\lacue\\Desktop\\ServerProject\\bildyapp-api\\src\\routes\\project.routes.js": {"path":"C:\\Users\\lacue\\Desktop\\ServerProject\\bildyapp-api\\src\\routes\\project.routes.js","statementMap":{"0":{"start":{"line":7,"column":15},"end":{"line":7,"column":23}},"1":{"start":{"line":9,"column":0},"end":{"line":9,"column":17}},"2":{"start":{"line":11,"column":0},"end":{"line":11,"column":63}},"3":{"start":{"line":12,"column":0},"end":{"line":12,"column":63}},"4":{"start":{"line":14,"column":0},"end":{"line":16,"column":38}},"5":{"start":{"line":18,"column":0},"end":{"line":21,"column":43}}},"fnMap":{},"branchMap":{},"s":{"0":4,"1":4,"2":4,"3":4,"4":4,"5":4},"f":{},"b":{},"inputSourceMap":null,"_coverageSchema":"1a1c01bbd47fc00a2c39e90264f33305004495a9","hash":"2af875afded40bb3cfb89ba6402374c6dd4977ef"}
,"C:\\Users\\lacue\\Desktop\\ServerProject\\bildyapp-api\\src\\routes\\user.routes.js": {"path":"C:\\Users\\lacue\\Desktop\\ServerProject\\bildyapp-api\\src\\routes\\user.routes.js","statementMap":{"0":{"start":{"line":31,"column":15},"end":{"line":31,"column":23}},"1":{"start":{"line":34,"column":0},"end":{"line":34,"column":65}},"2":{"start":{"line":37,"column":0},"end":{"line":37,"column":41}},"3":{"start":{"line":40,"column":0},"end":{"line":40,"column":56}},"4":{"start":{"line":43,"column":0},"end":{"line":48,"column":2}},"5":{"start":{"line":51,"column":0},"end":{"line":56,"column":2}},"6":{"start":{"line":59,"column":0},"end":{"line":64,"column":2}},"7":{"start":{"line":67,"column":0},"end":{"line":67,"column":48}},"8":{"start":{"line":70,"column":0},"end":{"line":70,"column":69}},"9":{"start":{"line":73,"column":0},"end":{"line":73,"column":51}},"10":{"start":{"line":76,"column":0},"end":{"line":76,"column":47}},"11":{"start":{"line":79,"column":0},"end":{"line":84,"column":2}},"12":{"start":{"line":87,"column":0},"end":{"line":93,"column":2}}},"fnMap":{},"branchMap":{},"s":{"0":4,"1":4,"2":4,"3":4,"4":4,"5":4,"6":4,"7":4,"8":4,"9":4,"10":4,"11":4,"12":4},"f":{},"b":{},"inputSourceMap":null,"_coverageSchema":"1a1c01bbd47fc00a2c39e90264f33305004495a9","hash":"51131464f367f7fc8b5a8317f0728e7021d2124d"}
,"C:\\Users\\lacue\\Desktop\\ServerProject\\bildyapp-api\\src\\services\\mail.service.js": {"path":"C:\\Users\\lacue\\Desktop\\ServerProject\\bildyapp-api\\src\\services\\mail.service.js","statementMap":{"0":{"start":{"line":3,"column":20},"end":{"line":11,"column":2}},"1":{"start":{"line":13,"column":37},"end":{"line":29,"column":1}},"2":{"start":{"line":15,"column":2},"end":{"line":18,"column":3}},"3":{"start":{"line":16,"column":4},"end":{"line":16,"column":79}},"4":{"start":{"line":17,"column":4},"end":{"line":17,"column":16}},"5":{"start":{"line":21,"column":22},"end":{"line":26,"column":3}},"6":{"start":{"line":28,"column":2},"end":{"line":28,"column":43}}},"fnMap":{"0":{"name":"(anonymous_0)","decl":{"start":{"line":13,"column":37},"end":{"line":13,"column":38}},"loc":{"start":{"line":13,"column":60},"end":{"line":29,"column":1}},"line":13}},"branchMap":{"0":{"loc":{"start":{"line":15,"column":2},"end":{"line":18,"column":3}},"type":"if","locations":[{"start":{"line":15,"column":2},"end":{"line":18,"column":3}},{"start":{},"end":{}}],"line":15}},"s":{"0":4,"1":4,"2":31,"3":31,"4":31,"5":0,"6":0},"f":{"0":31},"b":{"0":[31,0]},"inputSourceMap":null,"_coverageSchema":"1a1c01bbd47fc00a2c39e90264f33305004495a9","hash":"2d1b227ef9701029a7efb6c81c0faf324584d65d"}
,"C:\\Users\\lacue\\Desktop\\ServerProject\\bildyapp-api\\src\\services\\pdf.service.js": {"path":"C:\\Users\\lacue\\Desktop\\ServerProject\\bildyapp-api\\src\\services\\pdf.service.js","statementMap":{"0":{"start":{"line":5,"column":39},"end":{"line":64,"column":1}},"1":{"start":{"line":6,"column":2},"end":{"line":63,"column":5}},"2":{"start":{"line":7,"column":16},"end":{"line":7,"column":47}},"3":{"start":{"line":8,"column":21},"end":{"line":8,"column":41}},"4":{"start":{"line":9,"column":21},"end":{"line":9,"column":59}},"5":{"start":{"line":12,"column":4},"end":{"line":14,"column":5}},"6":{"start":{"line":13,"column":6},"end":{"line":13,"column":70}},"7":{"start":{"line":16,"column":19},"end":{"line":16,"column":49}},"8":{"start":{"line":17,"column":4},"end":{"line":17,"column":21}},"9":{"start":{"line":20,"column":4},"end":{"line":20,"column":64}},"10":{"start":{"line":21,"column":4},"end":{"line":21,"column":19}},"11":{"start":{"line":22,"column":4},"end":{"line":22,"column":45}},"12":{"start":{"line":23,"column":4},"end":{"line":23,"column":70}},"13":{"start":{"line":24,"column":4},"end":{"line":24,"column":19}},"14":{"start":{"line":27,"column":4},"end":{"line":27,"column":59}},"15":{"start":{"line":28,"column":4},"end":{"line":28,"column":78}},"16":{"start":{"line":29,"column":4},"end":{"line":29,"column":76}},"17":{"start":{"line":30,"column":4},"end":{"line":30,"column":19}},"18":{"start":{"line":33,"column":4},"end":{"line":33,"column":68}},"19":{"start":{"line":34,"column":4},"end":{"line":34,"column":44}},"20":{"start":{"line":35,"column":4},"end":{"line":35,"column":19}},"21":{"start":{"line":37,"column":4},"end":{"line":46,"column":5}},"22":{"start":{"line":38,"column":6},"end":{"line":38,"column":45}},"23":{"start":{"line":39,"column":6},"end":{"line":39,"column":64}},"24":{"start":{"line":41,"column":6},"end":{"line":41,"column":64}},"25":{"start":{"line":42,"column":6},"end":{"line":45,"column":7}},"26":{"start":{"line":43,"column":8},"end":{"line":43,"column":29}},"27":{"start":{"line":44,"column":8},"end":{"line":44,"column":72}},"28":{"start":{"line":44,"column":34},"end":{"line":44,"column":70}},"29":{"start":{"line":49,"column":4},"end":{"line":57,"column":5}},"30":{"start":{"line":50,"column":6},"end":{"line":50,"column":21}},"31":{"start":{"line":51,"column":6},"end":{"line":51,"column":63}},"32":{"start":{"line":53,"column":25},"end":{"line":53,"column":83}},"33":{"start":{"line":54,"column":24},"end":{"line":54,"column":57}},"34":{"start":{"line":55,"column":6},"end":{"line":55,"column":43}},"35":{"start":{"line":56,"column":6},"end":{"line":56,"column":73}},"36":{"start":{"line":59,"column":4},"end":{"line":59,"column":14}},"37":{"start":{"line":61,"column":4},"end":{"line":61,"column":49}},"38":{"start":{"line":61,"column":30},"end":{"line":61,"column":47}},"39":{"start":{"line":62,"column":4},"end":{"line":62,"column":45}},"40":{"start":{"line":62,"column":32},"end":{"line":62,"column":43}}},"fnMap":{"0":{"name":"(anonymous_0)","decl":{"start":{"line":5,"column":39},"end":{"line":5,"column":40}},"loc":{"start":{"line":5,"column":55},"end":{"line":64,"column":1}},"line":5},"1":{"name":"(anonymous_1)","decl":{"start":{"line":6,"column":21},"end":{"line":6,"column":22}},"loc":{"start":{"line":6,"column":42},"end":{"line":63,"column":3}},"line":6},"2":{"name":"(anonymous_2)","decl":{"start":{"line":44,"column":29},"end":{"line":44,"column":30}},"loc":{"start":{"line":44,"column":34},"end":{"line":44,"column":70}},"line":44},"3":{"name":"(anonymous_3)","decl":{"start":{"line":61,"column":24},"end":{"line":61,"column":25}},"loc":{"start":{"line":61,"column":30},"end":{"line":61,"column":47}},"line":61},"4":{"name":"(anonymous_4)","decl":{"start":{"line":62,"column":23},"end":{"line":62,"column":24}},"loc":{"start":{"line":62,"column":32},"end":{"line":62,"column":43}},"line":62}},"branchMap":{"0":{"loc":{"start":{"line":12,"column":4},"end":{"line":14,"column":5}},"type":"if","locations":[{"start":{"line":12,"column":4},"end":{"line":14,"column":5}},{"start":{},"end":{}}],"line":12},"1":{"loc":{"start":{"line":37,"column":4},"end":{"line":46,"column":5}},"type":"if","locations":[{"start":{"line":37,"column":4},"end":{"line":46,"column":5}},{"start":{"line":40,"column":11},"end":{"line":46,"column":5}}],"line":37},"2":{"loc":{"start":{"line":39,"column":45},"end":{"line":39,"column":60}},"type":"binary-expr","locations":[{"start":{"line":39,"column":45},"end":{"line":39,"column":54}},{"start":{"line":39,"column":58},"end":{"line":39,"column":60}}],"line":39},"3":{"loc":{"start":{"line":41,"column":31},"end":{"line":41,"column":60}},"type":"binary-expr","locations":[{"start":{"line":41,"column":31},"end":{"line":41,"column":41}},{"start":{"line":41,"column":45},"end":{"line":41,"column":60}}],"line":41},"4":{"loc":{"start":{"line":42,"column":6},"end":{"line":45,"column":7}},"type":"if","locations":[{"start":{"line":42,"column":6},"end":{"line":45,"column":7}},{"start":{},"end":{}}],"line":42},"5":{"loc":{"start":{"line":42,"column":10},"end":{"line":42,"column":49}},"type":"binary-expr","locations":[{"start":{"line":42,"column":10},"end":{"line":42,"column":22}},{"start":{"line":42,"column":26},"end":{"line":42,"column":49}}],"line":42},"6":{"loc":{"start":{"line":49,"column":4},"end":{"line":57,"column":5}},"type":"if","locations":[{"start":{"line":49,"column":4},"end":{"line":57,"column":5}},{"start":{},"end":{}}],"line":49}},"s":{"0":4,"1":3,"2":3,"3":3,"4":3,"5":3,"6":0,"7":3,"8":3,"9":3,"10":3,"11":3,"12":3,"13":3,"14":3,"15":3,"16":3,"17":3,"18":3,"19":3,"20":3,"21":3,"22":0,"23":0,"24":3,"25":3,"26":0,"27":0,"28":0,"29":3,"30":3,"31":3,"32":3,"33":3,"34":3,"35":3,"36":3,"37":3,"38":3,"39":3,"40":0},"f":{"0":3,"1":3,"2":0,"3":3,"4":0},"b":{"0":[0,3],"1":[0,3],"2":[0,0],"3":[3,0],"4":[0,3],"5":[3,3],"6":[3,0]},"inputSourceMap":null,"_coverageSchema":"1a1c01bbd47fc00a2c39e90264f33305004495a9","hash":"3a3ffc0cadf045dd667c2f6b7358a78cc0012888"}
,"C:\\Users\\lacue\\Desktop\\ServerProject\\bildyapp-api\\src\\services\\slack.service.js": {"path":"C:\\Users\\lacue\\Desktop\\ServerProject\\bildyapp-api\\src\\services\\slack.service.js","statementMap":{"0":{"start":{"line":3,"column":37},"end":{"line":56,"column":1}},"1":{"start":{"line":4,"column":21},"end":{"line":4,"column":50}},"2":{"start":{"line":6,"column":2},"end":{"line":9,"column":3}},"3":{"start":{"line":7,"column":4},"end":{"line":7,"column":77}},"4":{"start":{"line":8,"column":4},"end":{"line":8,"column":11}},"5":{"start":{"line":11,"column":18},"end":{"line":49,"column":3}},"6":{"start":{"line":51,"column":2},"end":{"line":55,"column":3}},"7":{"start":{"line":52,"column":4},"end":{"line":52,"column":42}},"8":{"start":{"line":54,"column":4},"end":{"line":54,"column":69}}},"fnMap":{"0":{"name":"(anonymous_0)","decl":{"start":{"line":3,"column":37},"end":{"line":3,"column":38}},"loc":{"start":{"line":3,"column":59},"end":{"line":56,"column":1}},"line":3}},"branchMap":{"0":{"loc":{"start":{"line":6,"column":2},"end":{"line":9,"column":3}},"type":"if","locations":[{"start":{"line":6,"column":2},"end":{"line":9,"column":3}},{"start":{},"end":{}}],"line":6}},"s":{"0":4,"1":0,"2":0,"3":0,"4":0,"5":0,"6":0,"7":0,"8":0},"f":{"0":0},"b":{"0":[0,0]},"inputSourceMap":null,"_coverageSchema":"1a1c01bbd47fc00a2c39e90264f33305004495a9","hash":"519a699469c77729b78ec6795e4bcf2383e96f42"}
,"C:\\Users\\lacue\\Desktop\\ServerProject\\bildyapp-api\\src\\utils\\AppError.js": {"path":"C:\\Users\\lacue\\Desktop\\ServerProject\\bildyapp-api\\src\\utils\\AppError.js","statementMap":{"0":{"start":{"line":3,"column":4},"end":{"line":3,"column":19}},"1":{"start":{"line":4,"column":4},"end":{"line":4,"column":33}},"2":{"start":{"line":5,"column":4},"end":{"line":5,"column":69}},"3":{"start":{"line":6,"column":4},"end":{"line":6,"column":30}},"4":{"start":{"line":8,"column":4},"end":{"line":8,"column":52}},"5":{"start":{"line":12,"column":4},"end":{"line":12,"column":51}},"6":{"start":{"line":16,"column":4},"end":{"line":16,"column":52}},"7":{"start":{"line":20,"column":4},"end":{"line":20,"column":49}},"8":{"start":{"line":24,"column":4},"end":{"line":24,"column":49}},"9":{"start":{"line":28,"column":4},"end":{"line":28,"column":48}},"10":{"start":{"line":32,"column":4},"end":{"line":32,"column":61}}},"fnMap":{"0":{"name":"(anonymous_0)","decl":{"start":{"line":2,"column":2},"end":{"line":2,"column":3}},"loc":{"start":{"line":2,"column":35},"end":{"line":9,"column":3}},"line":2},"1":{"name":"(anonymous_1)","decl":{"start":{"line":11,"column":2},"end":{"line":11,"column":3}},"loc":{"start":{"line":11,"column":25},"end":{"line":13,"column":3}},"line":11},"2":{"name":"(anonymous_2)","decl":{"start":{"line":15,"column":2},"end":{"line":15,"column":3}},"loc":{"start":{"line":15,"column":27},"end":{"line":17,"column":3}},"line":15},"3":{"name":"(anonymous_3)","decl":{"start":{"line":19,"column":2},"end":{"line":19,"column":3}},"loc":{"start":{"line":19,"column":24},"end":{"line":21,"column":3}},"line":19},"4":{"name":"(anonymous_4)","decl":{"start":{"line":23,"column":2},"end":{"line":23,"column":3}},"loc":{"start":{"line":23,"column":23},"end":{"line":25,"column":3}},"line":23},"5":{"name":"(anonymous_5)","decl":{"start":{"line":27,"column":2},"end":{"line":27,"column":3}},"loc":{"start":{"line":27,"column":23},"end":{"line":29,"column":3}},"line":27},"6":{"name":"(anonymous_6)","decl":{"start":{"line":31,"column":2},"end":{"line":31,"column":3}},"loc":{"start":{"line":31,"column":23},"end":{"line":33,"column":3}},"line":31}},"branchMap":{"0":{"loc":{"start":{"line":5,"column":18},"end":{"line":5,"column":68}},"type":"cond-expr","locations":[{"start":{"line":5,"column":52},"end":{"line":5,"column":58}},{"start":{"line":5,"column":61},"end":{"line":5,"column":68}}],"line":5},"1":{"loc":{"start":{"line":12,"column":24},"end":{"line":12,"column":44}},"type":"binary-expr","locations":[{"start":{"line":12,"column":24},"end":{"line":12,"column":27}},{"start":{"line":12,"column":31},"end":{"line":12,"column":44}}],"line":12},"2":{"loc":{"start":{"line":16,"column":24},"end":{"line":16,"column":45}},"type":"binary-expr","locations":[{"start":{"line":16,"column":24},"end":{"line":16,"column":27}},{"start":{"line":16,"column":31},"end":{"line":16,"column":45}}],"line":16},"3":{"loc":{"start":{"line":20,"column":24},"end":{"line":20,"column":42}},"type":"binary-expr","locations":[{"start":{"line":20,"column":24},"end":{"line":20,"column":27}},{"start":{"line":20,"column":31},"end":{"line":20,"column":42}}],"line":20},"4":{"loc":{"start":{"line":24,"column":24},"end":{"line":24,"column":42}},"type":"binary-expr","locations":[{"start":{"line":24,"column":24},"end":{"line":24,"column":27}},{"start":{"line":24,"column":31},"end":{"line":24,"column":42}}],"line":24},"5":{"loc":{"start":{"line":28,"column":24},"end":{"line":28,"column":41}},"type":"binary-expr","locations":[{"start":{"line":28,"column":24},"end":{"line":28,"column":27}},{"start":{"line":28,"column":31},"end":{"line":28,"column":41}}],"line":28},"6":{"loc":{"start":{"line":32,"column":24},"end":{"line":32,"column":54}},"type":"binary-expr","locations":[{"start":{"line":32,"column":24},"end":{"line":32,"column":27}},{"start":{"line":32,"column":31},"end":{"line":32,"column":54}}],"line":32}},"s":{"0":9,"1":9,"2":9,"3":9,"4":9,"5":2,"6":3,"7":0,"8":1,"9":3,"10":0},"f":{"0":9,"1":2,"2":3,"3":0,"4":1,"5":3,"6":0},"b":{"0":[9,0],"1":[2,0],"2":[3,0],"3":[0,0],"4":[1,0],"5":[3,0],"6":[0,0]},"inputSourceMap":null,"_coverageSchema":"1a1c01bbd47fc00a2c39e90264f33305004495a9","hash":"54c2aa33a4324f66938dc71da04e3bb64eab732b"}
,"C:\\Users\\lacue\\Desktop\\ServerProject\\bildyapp-api\\src\\validators\\client.validator.js": {"path":"C:\\Users\\lacue\\Desktop\\ServerProject\\bildyapp-api\\src\\validators\\client.validator.js","statementMap":{"0":{"start":{"line":3,"column":19},"end":{"line":15,"column":1}},"1":{"start":{"line":17,"column":34},"end":{"line":19,"column":2}},"2":{"start":{"line":22,"column":34},"end":{"line":24,"column":2}}},"fnMap":{},"branchMap":{},"s":{"0":4,"1":4,"2":4},"f":{},"b":{},"inputSourceMap":null,"_coverageSchema":"1a1c01bbd47fc00a2c39e90264f33305004495a9","hash":"b35f3d0c26724ddb3247f25fa6dd928f8ba6bd2e"}
,"C:\\Users\\lacue\\Desktop\\ServerProject\\bildyapp-api\\src\\validators\\deliverynote.validator.js": {"path":"C:\\Users\\lacue\\Desktop\\ServerProject\\bildyapp-api\\src\\validators\\deliverynote.validator.js","statementMap":{"0":{"start":{"line":3,"column":25},"end":{"line":28,"column":2}},"1":{"start":{"line":18,"column":2},"end":{"line":20,"column":3}},"2":{"start":{"line":19,"column":4},"end":{"line":19,"column":58}},"3":{"start":{"line":21,"column":2},"end":{"line":23,"column":3}},"4":{"start":{"line":22,"column":4},"end":{"line":22,"column":81}},"5":{"start":{"line":24,"column":2},"end":{"line":24,"column":14}},"6":{"start":{"line":30,"column":40},"end":{"line":32,"column":2}}},"fnMap":{"0":{"name":"(anonymous_0)","decl":{"start":{"line":17,"column":10},"end":{"line":17,"column":11}},"loc":{"start":{"line":17,"column":20},"end":{"line":25,"column":1}},"line":17}},"branchMap":{"0":{"loc":{"start":{"line":18,"column":2},"end":{"line":20,"column":3}},"type":"if","locations":[{"start":{"line":18,"column":2},"end":{"line":20,"column":3}},{"start":{},"end":{}}],"line":18},"1":{"loc":{"start":{"line":19,"column":11},"end":{"line":19,"column":57}},"type":"binary-expr","locations":[{"start":{"line":19,"column":11},"end":{"line":19,"column":26}},{"start":{"line":19,"column":30},"end":{"line":19,"column":57}}],"line":19},"2":{"loc":{"start":{"line":21,"column":2},"end":{"line":23,"column":3}},"type":"if","locations":[{"start":{"line":21,"column":2},"end":{"line":23,"column":3}},{"start":{},"end":{}}],"line":21},"3":{"loc":{"start":{"line":22,"column":11},"end":{"line":22,"column":80}},"type":"binary-expr","locations":[{"start":{"line":22,"column":11},"end":{"line":22,"column":35}},{"start":{"line":22,"column":40},"end":{"line":22,"column":52}},{"start":{"line":22,"column":56},"end":{"line":22,"column":79}}],"line":22}},"s":{"0":4,"1":8,"2":1,"3":7,"4":7,"5":0,"6":4},"f":{"0":8},"b":{"0":[1,7],"1":[1,1],"2":[7,0],"3":[7,0,0]},"inputSourceMap":null,"_coverageSchema":"1a1c01bbd47fc00a2c39e90264f33305004495a9","hash":"fda621489ff122f15342ea2c4af50b99f76a2887"}
,"C:\\Users\\lacue\\Desktop\\ServerProject\\bildyapp-api\\src\\validators\\project.validator.js": {"path":"C:\\Users\\lacue\\Desktop\\ServerProject\\bildyapp-api\\src\\validators\\project.validator.js","statementMap":{"0":{"start":{"line":3,"column":20},"end":{"line":17,"column":1}},"1":{"start":{"line":19,"column":35},"end":{"line":21,"column":2}},"2":{"start":{"line":23,"column":35},"end":{"line":25,"column":2}}},"fnMap":{},"branchMap":{},"s":{"0":4,"1":4,"2":4},"f":{},"b":{},"inputSourceMap":null,"_coverageSchema":"1a1c01bbd47fc00a2c39e90264f33305004495a9","hash":"dde8cd06cd68d47a3a18047c7df97e0309df10ba"}
,"C:\\Users\\lacue\\Desktop\\ServerProject\\bildyapp-api\\src\\validators\\user.validator.js": {"path":"C:\\Users\\lacue\\Desktop\\ServerProject\\bildyapp-api\\src\\validators\\user.validator.js","statementMap":{"0":{"start":{"line":3,"column":20},"end":{"line":3,"column":74}},"1":{"start":{"line":4,"column":23},"end":{"line":4,"column":87}},"2":{"start":{"line":5,"column":19},"end":{"line":5,"column":81}},"3":{"start":{"line":7,"column":24},"end":{"line":7,"column":83}},"4":{"start":{"line":7,"column":35},"end":{"line":7,"column":83}},"5":{"start":{"line":9,"column":22},"end":{"line":15,"column":2}},"6":{"start":{"line":17,"column":30},"end":{"line":22,"column":2}},"7":{"start":{"line":24,"column":37},"end":{"line":28,"column":2}},"8":{"start":{"line":30,"column":27},"end":{"line":35,"column":2}},"9":{"start":{"line":37,"column":35},"end":{"line":44,"column":2}},"10":{"start":{"line":46,"column":35},"end":{"line":61,"column":2}},"11":{"start":{"line":57,"column":51},"end":{"line":57,"column":66}},"12":{"start":{"line":63,"column":29},"end":{"line":67,"column":2}},"13":{"start":{"line":69,"column":36},"end":{"line":77,"column":2}},"14":{"start":{"line":73,"column":22},"end":{"line":73,"column":63}},"15":{"start":{"line":79,"column":28},"end":{"line":86,"column":2}}},"fnMap":{"0":{"name":"(anonymous_0)","decl":{"start":{"line":7,"column":24},"end":{"line":7,"column":25}},"loc":{"start":{"line":7,"column":35},"end":{"line":7,"column":83}},"line":7},"1":{"name":"(anonymous_1)","decl":{"start":{"line":57,"column":44},"end":{"line":57,"column":45}},"loc":{"start":{"line":57,"column":51},"end":{"line":57,"column":66}},"line":57},"2":{"name":"(anonymous_2)","decl":{"start":{"line":73,"column":12},"end":{"line":73,"column":13}},"loc":{"start":{"line":73,"column":22},"end":{"line":73,"column":63}},"line":73}},"branchMap":{},"s":{"0":4,"1":4,"2":4,"3":4,"4":52,"5":4,"6":4,"7":4,"8":4,"9":4,"10":4,"11":25,"12":4,"13":4,"14":0,"15":4},"f":{"0":52,"1":25,"2":0},"b":{},"inputSourceMap":null,"_coverageSchema":"1a1c01bbd47fc00a2c39e90264f33305004495a9","hash":"caf1cb26b7c9dcbd8f01f2d53511d0a0d7c55eae"}
,"C:\\Users\\lacue\\Desktop\\ServerProject\\bildyapp-api\\tests\\helpers.js": {"path":"C:\\Users\\lacue\\Desktop\\ServerProject\\bildyapp-api\\tests\\helpers.js","statementMap":{"0":{"start":{"line":7,"column":24},"end":{"line":19,"column":1}},"1":{"start":{"line":9,"column":2},"end":{"line":11,"column":31}},"2":{"start":{"line":14,"column":19},"end":{"line":16,"column":30}},"3":{"start":{"line":18,"column":2},"end":{"line":18,"column":29}},"4":{"start":{"line":24,"column":36},"end":{"line":48,"column":1}},"5":{"start":{"line":25,"column":16},"end":{"line":25,"column":37}},"6":{"start":{"line":27,"column":2},"end":{"line":41,"column":7}},"7":{"start":{"line":43,"column":19},"end":{"line":45,"column":46}},"8":{"start":{"line":47,"column":2},"end":{"line":47,"column":40}}},"fnMap":{"0":{"name":"(anonymous_0)","decl":{"start":{"line":7,"column":24},"end":{"line":7,"column":25}},"loc":{"start":{"line":7,"column":68},"end":{"line":19,"column":1}},"line":7},"1":{"name":"(anonymous_1)","decl":{"start":{"line":24,"column":36},"end":{"line":24,"column":37}},"loc":{"start":{"line":24,"column":71},"end":{"line":48,"column":1}},"line":24}},"branchMap":{"0":{"loc":{"start":{"line":7,"column":38},"end":{"line":7,"column":63}},"type":"default-arg","locations":[{"start":{"line":7,"column":49},"end":{"line":7,"column":63}}],"line":7}},"s":{"0":4,"1":28,"2":28,"3":28,"4":4,"5":25,"6":25,"7":25,"8":25},"f":{"0":28,"1":25},"b":{"0":[28]},"inputSourceMap":null,"_coverageSchema":"1a1c01bbd47fc00a2c39e90264f33305004495a9","hash":"ec1e433de0de743df700c83eb9273f5bc4b295c1"}
,"C:\\Users\\lacue\\Desktop\\ServerProject\\bildyapp-api\\tests\\setup.js": {"path":"C:\\Users\\lacue\\Desktop\\ServerProject\\bildyapp-api\\tests\\setup.js","statementMap":{"0":{"start":{"line":6,"column":29},"end":{"line":12,"column":1}},"1":{"start":{"line":7,"column":2},"end":{"line":7,"column":49}},"2":{"start":{"line":8,"column":14},"end":{"line":8,"column":34}},"3":{"start":{"line":9,"column":2},"end":{"line":11,"column":3}},"4":{"start":{"line":10,"column":4},"end":{"line":10,"column":32}},"5":{"start":{"line":14,"column":32},"end":{"line":21,"column":1}},"6":{"start":{"line":15,"column":2},"end":{"line":17,"column":3}},"7":{"start":{"line":16,"column":4},"end":{"line":16,"column":32}},"8":{"start":{"line":18,"column":2},"end":{"line":20,"column":3}},"9":{"start":{"line":19,"column":4},"end":{"line":19,"column":29}},"10":{"start":{"line":23,"column":32},"end":{"line":30,"column":1}},"11":{"start":{"line":24,"column":2},"end":{"line":29,"column":3}},"12":{"start":{"line":25,"column":24},"end":{"line":25,"column":55}},"13":{"start":{"line":26,"column":4},"end":{"line":28,"column":5}},"14":{"start":{"line":27,"column":6},"end":{"line":27,"column":42}}},"fnMap":{"0":{"name":"(anonymous_0)","decl":{"start":{"line":6,"column":29},"end":{"line":6,"column":30}},"loc":{"start":{"line":6,"column":41},"end":{"line":12,"column":1}},"line":6},"1":{"name":"(anonymous_1)","decl":{"start":{"line":14,"column":32},"end":{"line":14,"column":33}},"loc":{"start":{"line":14,"column":44},"end":{"line":21,"column":1}},"line":14},"2":{"name":"(anonymous_2)","decl":{"start":{"line":23,"column":32},"end":{"line":23,"column":33}},"loc":{"start":{"line":23,"column":44},"end":{"line":30,"column":1}},"line":23}},"branchMap":{"0":{"loc":{"start":{"line":9,"column":2},"end":{"line":11,"column":3}},"type":"if","locations":[{"start":{"line":9,"column":2},"end":{"line":11,"column":3}},{"start":{},"end":{}}],"line":9},"1":{"loc":{"start":{"line":15,"column":2},"end":{"line":17,"column":3}},"type":"if","locations":[{"start":{"line":15,"column":2},"end":{"line":17,"column":3}},{"start":{},"end":{}}],"line":15},"2":{"loc":{"start":{"line":18,"column":2},"end":{"line":20,"column":3}},"type":"if","locations":[{"start":{"line":18,"column":2},"end":{"line":20,"column":3}},{"start":{},"end":{}}],"line":18},"3":{"loc":{"start":{"line":24,"column":2},"end":{"line":29,"column":3}},"type":"if","locations":[{"start":{"line":24,"column":2},"end":{"line":29,"column":3}},{"start":{},"end":{}}],"line":24}},"s":{"0":4,"1":4,"2":4,"3":4,"4":4,"5":4,"6":4,"7":4,"8":4,"9":4,"10":4,"11":34,"12":34,"13":34,"14":170},"f":{"0":4,"1":4,"2":34},"b":{"0":[4,0],"1":[4,0],"2":[4,0],"3":[34,0]},"inputSourceMap":null,"_coverageSchema":"1a1c01bbd47fc00a2c39e90264f33305004495a9","hash":"df585a640ed412c01fce7575636ab9b7c4645950"}
}
