TN:
SF:src\app.js
FN:27,(anonymous_0)
FN:34,(anonymous_1)
FN:41,(anonymous_2)
FN:45,(anonymous_3)
FNF:4
FNH:0
FNDA:0,(anonymous_0)
FNDA:0,(anonymous_1)
FNDA:0,(anonymous_2)
FNDA:0,(anonymous_3)
DA:18,4
DA:19,4
DA:22,4
DA:27,4
DA:29,0
DA:32,0
DA:34,0
DA:35,0
DA:36,0
DA:37,0
DA:41,4
DA:42,0
DA:43,0
DA:45,0
DA:48,4
DA:51,4
DA:52,4
DA:53,4
DA:54,4
DA:55,4
DA:56,4
DA:59,4
DA:62,4
DA:63,4
DA:64,4
DA:65,4
DA:68,4
LF:27
LH:18
BRDA:29,0,0,0
BRDA:29,0,1,0
BRDA:32,1,0,0
BRDA:32,1,1,0
BRDA:35,2,0,0
BRDA:35,2,1,0
BRDA:42,3,0,0
BRDA:42,3,1,0
BRF:8
BRH:0
end_of_record
TN:
SF:src\config\swagger.js
FNF:0
FNH:0
DA:1,4
LF:1
LH:1
BRF:0
BRH:0
end_of_record
TN:
SF:src\controllers\client.controller.js
FN:4,(anonymous_0)
FN:28,(anonymous_1)
FN:52,(anonymous_2)
FN:62,(anonymous_3)
FN:86,(anonymous_4)
FN:106,(anonymous_5)
FN:115,(anonymous_6)
FNF:7
FNH:7
FNDA:25,(anonymous_0)
FNDA:1,(anonymous_1)
FNDA:2,(anonymous_2)
FNDA:1,(anonymous_3)
FNDA:3,(anonymous_4)
FNDA:1,(anonymous_5)
FNDA:1,(anonymous_6)
DA:4,4
DA:5,25
DA:6,25
DA:11,25
DA:13,24
DA:20,24
DA:22,24
DA:24,1
DA:28,4
DA:29,1
DA:30,1
DA:31,1
DA:32,1
DA:34,1
DA:39,1
DA:41,1
DA:48,0
DA:52,4
DA:53,2
DA:54,2
DA:55,2
DA:56,1
DA:58,1
DA:62,4
DA:63,1
DA:64,1
DA:65,0
DA:70,0
DA:73,1
DA:79,1
DA:80,1
DA:82,0
DA:86,4
DA:87,3
DA:88,3
DA:90,3
DA:91,3
DA:97,0
DA:99,3
DA:100,3
DA:102,0
DA:106,4
DA:107,1
DA:108,1
DA:109,1
DA:111,0
DA:115,4
DA:116,1
DA:117,1
DA:122,1
DA:123,1
DA:125,0
LF:52
LH:44
BRDA:11,0,0,1
BRDA:11,0,1,24
BRDA:30,1,0,1
BRDA:30,2,0,1
BRDA:30,3,0,1
BRDA:32,4,0,0
BRDA:32,4,1,1
BRDA:55,5,0,1
BRDA:55,5,1,1
BRDA:64,6,0,0
BRDA:64,6,1,1
BRDA:70,7,0,0
BRDA:70,7,1,0
BRDA:79,8,0,0
BRDA:79,8,1,1
BRDA:90,9,0,3
BRDA:90,9,1,0
BRDA:99,10,0,0
BRDA:99,10,1,3
BRDA:100,11,0,3
BRDA:100,11,1,0
BRDA:122,12,0,0
BRDA:122,12,1,1
BRF:23
BRH:14
end_of_record
TN:
SF:src\controllers\deliverynote.controller.js
FN:6,(anonymous_0)
FN:22,(anonymous_1)
FN:57,(anonymous_2)
FN:71,(anonymous_3)
FN:84,(anonymous_4)
FN:112,(anonymous_5)
FNF:6
FNH:5
FNDA:8,(anonymous_0)
FNDA:1,(anonymous_1)
FNDA:1,(anonymous_2)
FNDA:2,(anonymous_3)
FNDA:4,(anonymous_4)
FNDA:0,(anonymous_5)
DA:6,4
DA:7,8
DA:8,8
DA:14,8
DA:16,8
DA:18,0
DA:22,4
DA:23,1
DA:24,1
DA:25,1
DA:27,1
DA:28,1
DA:29,1
DA:30,1
DA:31,1
DA:32,0
DA:33,0
DA:34,0
DA:37,1
DA:44,1
DA:46,1
DA:53,0
DA:57,4
DA:58,1
DA:59,1
DA:64,1
DA:65,1
DA:67,0
DA:71,4
DA:72,2
DA:73,2
DA:74,2
DA:75,2
DA:77,1
DA:78,1
DA:80,1
DA:84,4
DA:85,4
DA:86,4
DA:87,4
DA:89,4
DA:92,4
DA:93,4
DA:95,3
DA:96,3
DA:97,3
DA:99,3
DA:100,3
DA:102,3
DA:104,3
DA:106,3
DA:108,1
DA:112,4
DA:113,0
DA:114,0
DA:115,0
DA:117,0
DA:118,0
DA:121,0
DA:122,0
DA:123,0
DA:125,0
LF:62
LH:47
BRDA:24,0,0,1
BRDA:24,1,0,1
BRDA:24,2,0,1
BRDA:27,3,0,0
BRDA:27,3,1,1
BRDA:28,4,0,0
BRDA:28,4,1,1
BRDA:29,5,0,0
BRDA:29,5,1,1
BRDA:30,6,0,0
BRDA:30,6,1,1
BRDA:31,7,0,0
BRDA:31,7,1,1
BRDA:31,8,0,1
BRDA:31,8,1,1
BRDA:33,9,0,0
BRDA:33,9,1,0
BRDA:34,10,0,0
BRDA:34,10,1,0
BRDA:64,11,0,0
BRDA:64,11,1,1
BRDA:74,12,0,0
BRDA:74,12,1,2
BRDA:75,13,0,1
BRDA:75,13,1,1
BRDA:87,14,0,0
BRDA:87,14,1,4
BRDA:92,15,0,0
BRDA:92,15,1,4
BRDA:93,16,0,1
BRDA:93,16,1,3
BRDA:115,17,0,0
BRDA:115,17,1,0
BRDA:115,18,0,0
BRDA:115,18,1,0
BRDA:117,19,0,0
BRDA:117,19,1,0
BRF:37
BRH:18
end_of_record
TN:
SF:src\controllers\project.controller.js
FN:4,(anonymous_0)
FN:28,(anonymous_1)
FN:55,(anonymous_2)
FN:66,(anonymous_3)
FN:90,(anonymous_4)
FN:110,(anonymous_5)
FN:120,(anonymous_6)
FNF:7
FNH:7
FNDA:17,(anonymous_0)
FNDA:1,(anonymous_1)
FNDA:1,(anonymous_2)
FNDA:1,(anonymous_3)
FNDA:3,(anonymous_4)
FNDA:1,(anonymous_5)
FNDA:1,(anonymous_6)
DA:4,4
DA:5,17
DA:6,17
DA:11,17
DA:13,16
DA:20,16
DA:22,16
DA:24,1
DA:28,4
DA:29,1
DA:30,1
DA:31,1
DA:32,1
DA:33,1
DA:34,1
DA:36,1
DA:42,1
DA:44,1
DA:51,0
DA:55,4
DA:56,1
DA:57,1
DA:59,1
DA:60,1
DA:62,0
DA:66,4
DA:67,1
DA:68,1
DA:69,0
DA:74,0
DA:77,1
DA:83,1
DA:84,1
DA:86,0
DA:90,4
DA:91,3
DA:92,3
DA:94,3
DA:95,3
DA:101,0
DA:103,3
DA:104,3
DA:106,0
DA:110,4
DA:111,1
DA:112,1
DA:114,1
DA:116,0
DA:120,4
DA:121,1
DA:122,1
DA:127,1
DA:128,1
DA:130,0
LF:54
LH:45
BRDA:11,0,0,1
BRDA:11,0,1,16
BRDA:30,1,0,1
BRDA:30,2,0,1
BRDA:30,3,0,1
BRDA:32,4,0,0
BRDA:32,4,1,1
BRDA:33,5,0,0
BRDA:33,5,1,1
BRDA:34,6,0,0
BRDA:34,6,1,1
BRDA:59,7,0,0
BRDA:59,7,1,1
BRDA:68,8,0,0
BRDA:68,8,1,1
BRDA:74,9,0,0
BRDA:74,9,1,0
BRDA:83,10,0,0
BRDA:83,10,1,1
BRDA:94,11,0,3
BRDA:94,11,1,0
BRDA:103,12,0,0
BRDA:103,12,1,3
BRDA:104,13,0,3
BRDA:104,13,1,0
BRDA:127,14,0,0
BRDA:127,14,1,1
BRF:27
BRH:15
end_of_record
TN:
SF:src\controllers\user.controller.js
FN:9,(anonymous_0)
FN:43,(anonymous_1)
FN:57,(anonymous_2)
FN:70,(anonymous_3)
FN:78,(anonymous_4)
FN:91,(anonymous_5)
FN:104,(anonymous_6)
FN:112,(anonymous_7)
FN:118,(anonymous_8)
FN:123,(anonymous_9)
FN:131,(anonymous_10)
FN:143,(anonymous_11)
FNF:12
FNH:6
FNDA:32,(anonymous_0)
FNDA:1,(anonymous_1)
FNDA:54,(anonymous_2)
FNDA:1,(anonymous_3)
FNDA:26,(anonymous_4)
FNDA:0,(anonymous_5)
FNDA:0,(anonymous_6)
FNDA:0,(anonymous_7)
FNDA:0,(anonymous_8)
FNDA:1,(anonymous_9)
FNDA:0,(anonymous_10)
FNDA:0,(anonymous_11)
DA:9,4
DA:10,32
DA:11,32
DA:12,32
DA:13,32
DA:16,31
DA:18,31
DA:26,31
DA:27,31
DA:28,31
DA:31,0
DA:32,0
DA:35,31
DA:39,0
DA:43,4
DA:44,1
DA:45,1
DA:46,1
DA:47,1
DA:49,1
DA:50,1
DA:51,1
DA:52,1
DA:53,0
DA:57,4
DA:58,54
DA:59,54
DA:60,54
DA:61,54
DA:62,0
DA:64,54
DA:65,54
DA:66,0
DA:70,4
DA:71,1
DA:72,1
DA:73,1
DA:74,0
DA:78,4
DA:79,26
DA:80,26
DA:85,26
DA:86,26
DA:87,0
DA:91,4
DA:92,0
DA:93,0
DA:94,0
DA:99,0
DA:100,0
DA:104,4
DA:105,0
DA:106,0
DA:107,0
DA:108,0
DA:112,4
DA:113,0
DA:114,0
DA:118,4
DA:119,0
DA:123,4
DA:124,1
DA:125,1
DA:126,1
DA:127,0
DA:131,4
DA:132,0
DA:133,0
DA:134,0
DA:135,0
DA:136,0
DA:137,0
DA:138,0
DA:139,0
DA:143,4
DA:144,0
DA:145,0
DA:146,0
DA:153,0
DA:154,0
LF:80
LH:46
BRDA:13,0,0,1
BRDA:13,0,1,31
BRDA:47,1,0,0
BRDA:47,1,1,1
BRDA:61,2,0,0
BRDA:61,2,1,54
BRDA:61,3,0,54
BRDA:61,3,1,54
BRDA:93,4,0,0
BRDA:93,4,1,0
BRDA:135,5,0,0
BRDA:135,5,1,0
BRF:12
BRH:6
end_of_record
TN:
SF:src\middleware\auth.middleware.js
FN:5,(anonymous_0)
FNF:1
FNH:1
FNDA:106,(anonymous_0)
DA:5,4
DA:6,106
DA:8,106
DA:9,103
DA:12,106
DA:14,103
DA:15,103
DA:17,103
DA:19,103
DA:20,103
DA:22,0
LF:11
LH:10
BRDA:8,0,0,103
BRDA:8,0,1,3
BRDA:8,1,0,106
BRDA:8,1,1,103
BRDA:12,2,0,3
BRDA:12,2,1,103
BRDA:17,3,0,0
BRDA:17,3,1,103
BRDA:17,4,0,103
BRDA:17,4,1,103
BRF:10
BRH:9
end_of_record
TN:
SF:src\middleware\error-handler.js
FN:3,(anonymous_0)
FNF:1
FNH:1
FNDA:9,(anonymous_0)
DA:3,4
DA:4,9
DA:5,9
DA:8,9
DA:9,0
DA:13,9
DA:14,0
DA:17,9
LF:8
LH:6
BRDA:4,0,0,9
BRDA:4,0,1,0
BRDA:5,1,0,9
BRDA:5,1,1,0
BRDA:8,2,0,0
BRDA:8,2,1,9
BRDA:13,3,0,0
BRDA:13,3,1,9
BRDA:22,4,0,0
BRDA:22,4,1,9
BRF:10
BRH:5
end_of_record
TN:
SF:src\middleware\rate-limit.js
FNF:0
FNH:0
LF:0
LH:0
BRF:0
BRH:0
end_of_record
TN:
SF:src\middleware\role.middleware.js
FN:3,(anonymous_0)
FN:4,(anonymous_1)
FNF:2
FNH:1
FNDA:4,(anonymous_0)
FNDA:0,(anonymous_1)
DA:3,4
DA:4,4
DA:5,0
DA:6,0
DA:8,0
LF:5
LH:2
BRDA:5,0,0,0
BRDA:5,0,1,0
BRF:2
BRH:0
end_of_record
TN:
SF:src\middleware\sanitize.js
FNF:0
FNH:0
DA:3,4
LF:1
LH:1
BRF:0
BRH:0
end_of_record
TN:
SF:src\middleware\upload.js
FN:13,(anonymous_0)
FN:16,(anonymous_1)
FN:23,(anonymous_2)
FNF:3
FNH:0
FNDA:0,(anonymous_0)
FNDA:0,(anonymous_1)
FNDA:0,(anonymous_2)
DA:6,4
DA:8,4
DA:9,0
DA:12,4
DA:14,0
DA:17,0
DA:18,0
DA:19,0
DA:23,4
DA:24,0
DA:26,0
DA:27,0
DA:30,0
DA:33,4
LF:14
LH:5
BRDA:8,0,0,0
BRDA:8,0,1,4
BRDA:26,1,0,0
BRDA:26,1,1,0
BRF:4
BRH:1
end_of_record
TN:
SF:src\middleware\validate.js
FN:5,(anonymous_0)
FN:5,(anonymous_1)
FN:21,(anonymous_2)
FNF:3
FNH:2
FNDA:48,(anonymous_0)
FNDA:165,(anonymous_1)
FNDA:0,(anonymous_2)
DA:5,48
DA:6,165
DA:7,165
DA:13,165
DA:14,165
DA:15,165
DA:17,165
DA:19,0
DA:20,0
DA:21,0
DA:24,0
DA:26,0
LF:12
LH:7
BRDA:13,0,0,165
BRDA:13,0,1,0
BRDA:14,1,0,0
BRDA:14,1,1,165
BRDA:15,2,0,0
BRDA:15,2,1,165
BRDA:19,3,0,0
BRDA:19,3,1,0
BRF:8
BRH:3
end_of_record
TN:
SF:src\models\Client.js
FNF:0
FNH:0
DA:3,4
DA:53,4
DA:55,4
LF:3
LH:3
BRF:0
BRH:0
end_of_record
TN:
SF:src\models\Company.js
FNF:0
FNH:0
DA:3,4
DA:31,4
LF:2
LH:2
BRF:0
BRH:0
end_of_record
TN:
SF:src\models\DeliveryNote.js
FNF:0
FNH:0
DA:3,4
DA:35,4
LF:2
LH:2
BRF:0
BRH:0
end_of_record
TN:
SF:src\models\Project.js
FNF:0
FNH:0
DA:3,4
DA:61,4
DA:63,4
LF:3
LH:3
BRF:0
BRH:0
end_of_record
TN:
SF:src\models\User.js
FN:57,(anonymous_0)
FN:61,(anonymous_1)
FNF:2
FNH:2
FNDA:2,(anonymous_0)
FNDA:32,(anonymous_1)
DA:4,4
DA:12,4
DA:57,4
DA:58,2
DA:61,4
DA:62,32
DA:63,31
DA:64,31
DA:68,4
LF:9
LH:9
BRDA:58,0,0,2
BRDA:58,0,1,1
BRDA:58,1,0,2
BRDA:58,1,1,1
BRDA:62,2,0,1
BRDA:62,2,1,31
BRF:6
BRH:6
end_of_record
TN:
SF:src\routes\client.routes.js
FNF:0
FNH:0
DA:7,4
DA:9,4
DA:11,4
DA:12,4
DA:14,4
DA:18,4
LF:6
LH:6
BRF:0
BRH:0
end_of_record
TN:
SF:src\routes\deliverynote.routes.js
FNF:0
FNH:0
DA:7,4
DA:10,4
DA:14,4
DA:16,4
DA:21,4
DA:28,4
LF:6
LH:6
BRF:0
BRH:0
end_of_record
TN:
SF:src\routes\project.routes.js
FNF:0
FNH:0
DA:7,4
DA:9,4
DA:11,4
DA:12,4
DA:14,4
DA:18,4
LF:6
LH:6
BRF:0
BRH:0
end_of_record
TN:
SF:src\routes\user.routes.js
FNF:0
FNH:0
DA:31,4
DA:34,4
DA:37,4
DA:40,4
DA:43,4
DA:51,4
DA:59,4
DA:67,4
DA:70,4
DA:73,4
DA:76,4
DA:79,4
DA:87,4
LF:13
LH:13
BRF:0
BRH:0
end_of_record
TN:
SF:src\services\mail.service.js
FN:13,(anonymous_0)
FNF:1
FNH:1
FNDA:31,(anonymous_0)
DA:3,4
DA:13,4
DA:15,31
DA:16,31
DA:17,31
DA:21,0
DA:28,0
LF:7
LH:5
BRDA:15,0,0,31
BRDA:15,0,1,0
BRF:2
BRH:1
end_of_record
TN:
SF:src\services\pdf.service.js
FN:5,(anonymous_0)
FN:6,(anonymous_1)
FN:44,(anonymous_2)
FN:61,(anonymous_3)
FN:62,(anonymous_4)
FNF:5
FNH:3
FNDA:3,(anonymous_0)
FNDA:3,(anonymous_1)
FNDA:0,(anonymous_2)
FNDA:3,(anonymous_3)
FNDA:0,(anonymous_4)
DA:5,4
DA:6,3
DA:7,3
DA:8,3
DA:9,3
DA:12,3
DA:13,0
DA:16,3
DA:17,3
DA:20,3
DA:21,3
DA:22,3
DA:23,3
DA:24,3
DA:27,3
DA:28,3
DA:29,3
DA:30,3
DA:33,3
DA:34,3
DA:35,3
DA:37,3
DA:38,0
DA:39,0
DA:41,3
DA:42,3
DA:43,0
DA:44,0
DA:49,3
DA:50,3
DA:51,3
DA:53,3
DA:54,3
DA:55,3
DA:56,3
DA:59,3
DA:61,3
DA:62,3
LF:38
LH:33
BRDA:12,0,0,0
BRDA:12,0,1,3
BRDA:37,1,0,0
BRDA:37,1,1,3
BRDA:39,2,0,0
BRDA:39,2,1,0
BRDA:41,3,0,3
BRDA:41,3,1,0
BRDA:42,4,0,0
BRDA:42,4,1,3
BRDA:42,5,0,3
BRDA:42,5,1,3
BRDA:49,6,0,3
BRDA:49,6,1,0
BRF:14
BRH:7
end_of_record
TN:
SF:src\services\slack.service.js
FN:3,(anonymous_0)
FNF:1
FNH:0
FNDA:0,(anonymous_0)
DA:3,4
DA:4,0
DA:6,0
DA:7,0
DA:8,0
DA:11,0
DA:51,0
DA:52,0
DA:54,0
LF:9
LH:1
BRDA:6,0,0,0
BRDA:6,0,1,0
BRF:2
BRH:0
end_of_record
TN:
SF:src\utils\AppError.js
FN:2,(anonymous_0)
FN:11,(anonymous_1)
FN:15,(anonymous_2)
FN:19,(anonymous_3)
FN:23,(anonymous_4)
FN:27,(anonymous_5)
FN:31,(anonymous_6)
FNF:7
FNH:5
FNDA:9,(anonymous_0)
FNDA:2,(anonymous_1)
FNDA:3,(anonymous_2)
FNDA:0,(anonymous_3)
FNDA:1,(anonymous_4)
FNDA:3,(anonymous_5)
FNDA:0,(anonymous_6)
DA:3,9
DA:4,9
DA:5,9
DA:6,9
DA:8,9
DA:12,2
DA:16,3
DA:20,0
DA:24,1
DA:28,3
DA:32,0
LF:11
LH:9
BRDA:5,0,0,9
BRDA:5,0,1,0
BRDA:12,1,0,2
BRDA:12,1,1,0
BRDA:16,2,0,3
BRDA:16,2,1,0
BRDA:20,3,0,0
BRDA:20,3,1,0
BRDA:24,4,0,1
BRDA:24,4,1,0
BRDA:28,5,0,3
BRDA:28,5,1,0
BRDA:32,6,0,0
BRDA:32,6,1,0
BRF:14
BRH:5
end_of_record
TN:
SF:src\validators\client.validator.js
FNF:0
FNH:0
DA:3,4
DA:17,4
DA:22,4
LF:3
LH:3
BRF:0
BRH:0
end_of_record
TN:
SF:src\validators\deliverynote.validator.js
FN:17,(anonymous_0)
FNF:1
FNH:1
FNDA:8,(anonymous_0)
DA:3,4
DA:18,8
DA:19,1
DA:21,7
DA:22,7
DA:24,0
DA:30,4
LF:7
LH:6
BRDA:18,0,0,1
BRDA:18,0,1,7
BRDA:19,1,0,1
BRDA:19,1,1,1
BRDA:21,2,0,7
BRDA:21,2,1,0
BRDA:22,3,0,7
BRDA:22,3,1,0
BRDA:22,3,2,0
BRF:9
BRH:6
end_of_record
TN:
SF:src\validators\project.validator.js
FNF:0
FNH:0
DA:3,4
DA:19,4
DA:23,4
LF:3
LH:3
BRF:0
BRH:0
end_of_record
TN:
SF:src\validators\user.validator.js
FN:7,(anonymous_0)
FN:57,(anonymous_1)
FN:73,(anonymous_2)
FNF:3
FNH:2
FNDA:52,(anonymous_0)
FNDA:25,(anonymous_1)
FNDA:0,(anonymous_2)
DA:3,4
DA:4,4
DA:5,4
DA:7,52
DA:9,4
DA:17,4
DA:24,4
DA:30,4
DA:37,4
DA:46,4
DA:57,25
DA:63,4
DA:69,4
DA:73,0
DA:79,4
LF:15
LH:14
BRF:0
BRH:0
end_of_record
TN:
SF:tests\helpers.js
FN:7,(anonymous_0)
FN:24,(anonymous_1)
FNF:2
FNH:2
FNDA:28,(anonymous_0)
FNDA:25,(anonymous_1)
DA:7,4
DA:9,28
DA:14,28
DA:18,28
DA:24,4
DA:25,25
DA:27,25
DA:43,25
DA:47,25
LF:9
LH:9
BRDA:7,0,0,28
BRF:1
BRH:1
end_of_record
TN:
SF:tests\setup.js
FN:6,(anonymous_0)
FN:14,(anonymous_1)
FN:23,(anonymous_2)
FNF:3
FNH:3
FNDA:4,(anonymous_0)
FNDA:4,(anonymous_1)
FNDA:34,(anonymous_2)
DA:6,4
DA:7,4
DA:8,4
DA:9,4
DA:10,4
DA:14,4
DA:15,4
DA:16,4
DA:18,4
DA:19,4
DA:23,4
DA:24,34
DA:25,34
DA:26,34
DA:27,170
LF:15
LH:15
BRDA:9,0,0,4
BRDA:9,0,1,0
BRDA:15,1,0,4
BRDA:15,1,1,0
BRDA:18,2,0,4
BRDA:18,2,1,0
BRDA:24,3,0,34
BRDA:24,3,1,0
BRF:8
BRH:4
end_of_record
